Active-HDL 13.0.375.8320 2026-03-01 13:16:58

Elaboration top modules:
Architecture                  Behavioral(CounterM10)


------------------------------------------------------------------------------------------------
Entity     | Architecture | Library    | Info | Compiler Version          | Compilation Options
------------------------------------------------------------------------------------------------
CounterM10 | Behavioral   | counterm10 |      | 13.0.375.8320 (Windows64) | -O3
------------------------------------------------------------------------------------------------

------------------------------------------------------------------------------------------------
VHDL Package              | Library    | Info | Compiler Version          | Compilation Options
------------------------------------------------------------------------------------------------
standard                  | std        |      |                           | <unavailable>
TEXTIO                    | std        |      | 13.0.375.8320 (Windows64) |  -2019
std_logic_1164            | ieee       |      | 13.0.375.8320 (Windows64) |  -2008
NUMERIC_STD               | ieee       |      | 13.0.375.8320 (Windows64) |  -2008
------------------------------------------------------------------------------------------------

------------------------------------------------------------------------------------------------
Library                   | Comment
------------------------------------------------------------------------------------------------
counterm10                | None
ieee                      | Standard IEEE packages library
std                       | Standard VHDL library
------------------------------------------------------------------------------------------------
