# DESIGN: Default Design Language: VHDL
# DESIGN: Default BDE Language: VHDL
# DESIGN: C-Synthesis: Not Defined
# DESIGN: HDL Synthesis: Not Defined
# DESIGN: Physical Synthesis: Not Defined
# DESIGN: Implementation: Not Defined
acom -reorder -O3 -e 100 -work AsyncronousReceiver -2002  $dsn/src/AsyncronousReceiver.vhd $dsn/src/CountDown.vhd $dsn/src/LatchSR.vhd $dsn/src/Timer.vhd $dsn/src/Deserializer.vhd $dsn/src/FallingEd.vhd $dsn/src/Toggle.vhd
# Warning: DAGGEN_0523: The source is compiled without the -dbg switch. Line breakpoints and assertion debug will not be available.
# File: C:/My_Designs/SDLR2_std/AsyncronousReceiver/src/AsyncronousReceiver.vhd
# Compile Entity "AsyncronousReceiver"
# Compile Architecture "Structural" of Entity "AsyncronousReceiver"
# File: C:/My_Designs/SDLR2_std/AsyncronousReceiver/src/CountDown.vhd
# Compile Entity "CountDown"
# Compile Architecture "Behavioral" of Entity "CountDown"
# File: C:/My_Designs/SDLR2_std/AsyncronousReceiver/src/LatchSR.vhd
# Compile Entity "LatchSR"
# Compile Architecture "Behavioral" of Entity "LatchSR"
# File: C:/My_Designs/SDLR2_std/AsyncronousReceiver/src/Timer.vhd
# Compile Entity "Timer"
# Compile Architecture "Behavioral" of Entity "Timer"
# File: C:/My_Designs/SDLR2_std/AsyncronousReceiver/src/Deserializer.vhd
# Compile Entity "Serializer"
# Compile Architecture "Behavioral" of Entity "Serializer"
# File: C:/My_Designs/SDLR2_std/AsyncronousReceiver/src/FallingEd.vhd
# Compile Entity "FallingEd"
# Compile Architecture "Behavioral" of Entity "FallingEd"
# File: C:/My_Designs/SDLR2_std/AsyncronousReceiver/src/Toggle.vhd
# Compile Entity "Toggle"
# Compile Architecture "Behavioral" of Entity "Toggle"
# Top-level unit(s) detected:
# Entity => Serializer
# Entity => LatchSR
# Entity => Timer
# Entity => Toggle
# Entity => FallingEd
# Entity => CountDown
# Error: COMP96_0019: AsyncronousReceiver.vhd : (15, 1): Keyword 'begin' expected.
# Error: COMP96_0016: AsyncronousReceiver.vhd : (15, 5): Design unit declaration expected.
# Compile failure 2 Errors 0 Warnings  Analysis time :  0.9 [s]
acom -reorder -O3 -e 100 -work AsyncronousReceiver -2002  $dsn/src/AsyncronousReceiver.vhd $dsn/src/CountDown.vhd $dsn/src/LatchSR.vhd $dsn/src/Timer.vhd $dsn/src/Deserializer.vhd $dsn/src/FallingEd.vhd $dsn/src/Toggle.vhd
# Warning: DAGGEN_0523: The source is compiled without the -dbg switch. Line breakpoints and assertion debug will not be available.
# File: C:/My_Designs/SDLR2_std/AsyncronousReceiver/src/AsyncronousReceiver.vhd
# Compile Entity "AsyncronousReceiver"
# Compile Architecture "Structural" of Entity "AsyncronousReceiver"
# File: C:/My_Designs/SDLR2_std/AsyncronousReceiver/src/CountDown.vhd
# Compile Entity "CountDown"
# Compile Architecture "Behavioral" of Entity "CountDown"
# File: C:/My_Designs/SDLR2_std/AsyncronousReceiver/src/LatchSR.vhd
# Compile Entity "LatchSR"
# Compile Architecture "Behavioral" of Entity "LatchSR"
# File: C:/My_Designs/SDLR2_std/AsyncronousReceiver/src/Timer.vhd
# Compile Entity "Timer"
# Compile Architecture "Behavioral" of Entity "Timer"
# File: C:/My_Designs/SDLR2_std/AsyncronousReceiver/src/Deserializer.vhd
# Compile Entity "Serializer"
# Compile Architecture "Behavioral" of Entity "Serializer"
# File: C:/My_Designs/SDLR2_std/AsyncronousReceiver/src/FallingEd.vhd
# Compile Entity "FallingEd"
# Compile Architecture "Behavioral" of Entity "FallingEd"
# File: C:/My_Designs/SDLR2_std/AsyncronousReceiver/src/Toggle.vhd
# Compile Entity "Toggle"
# Compile Architecture "Behavioral" of Entity "Toggle"
# Top-level unit(s) detected:
# Entity => Serializer
# Entity => LatchSR
# Entity => Timer
# Entity => Toggle
# Entity => FallingEd
# Entity => CountDown
# Entity => AsyncronousReceiver
# Compile success 0 Errors 0 Warnings  Analysis time :  0.3 [s]
# ELBREAD: Elaboration process.
# ELBREAD: Elaboration time 0.0 [s].
acom -reorder -O3 -e 100 -work AsyncronousReceiver -2002  $dsn/src/AsyncronousReceiver.vhd $dsn/src/CountDown.vhd $dsn/src/LatchSR.vhd $dsn/src/Timer.vhd $dsn/src/Deserializer.vhd $dsn/src/FallingEd.vhd $dsn/src/Toggle.vhd
# Warning: DAGGEN_0523: The source is compiled without the -dbg switch. Line breakpoints and assertion debug will not be available.
# File: C:/My_Designs/SDLR2_std/AsyncronousReceiver/src/AsyncronousReceiver.vhd
# Compile Entity "AsyncronousReceiver"
# Compile Architecture "Structural" of Entity "AsyncronousReceiver"
# File: C:/My_Designs/SDLR2_std/AsyncronousReceiver/src/CountDown.vhd
# Compile Entity "CountDown"
# Compile Architecture "Behavioral" of Entity "CountDown"
# File: C:/My_Designs/SDLR2_std/AsyncronousReceiver/src/LatchSR.vhd
# Compile Entity "LatchSR"
# Compile Architecture "Behavioral" of Entity "LatchSR"
# File: C:/My_Designs/SDLR2_std/AsyncronousReceiver/src/Timer.vhd
# Compile Entity "Timer"
# Compile Architecture "Behavioral" of Entity "Timer"
# File: C:/My_Designs/SDLR2_std/AsyncronousReceiver/src/Deserializer.vhd
# Compile Entity "Deserializer"
# Compile Architecture "Behavioral" of Entity "Deserializer"
# File: C:/My_Designs/SDLR2_std/AsyncronousReceiver/src/FallingEd.vhd
# Compile Entity "FallingEd"
# Compile Architecture "Behavioral" of Entity "FallingEd"
# File: C:/My_Designs/SDLR2_std/AsyncronousReceiver/src/Toggle.vhd
# Compile Entity "Toggle"
# Compile Architecture "Behavioral" of Entity "Toggle"
# Top-level unit(s) detected:
# Entity => Deserializer
# Entity => LatchSR
# Entity => Timer
# Entity => Toggle
# Entity => FallingEd
# Entity => CountDown
# Error: COMP96_0018: AsyncronousReceiver.vhd : (86, 1): Identifier expected.
# Compile failure 1 Errors 0 Warnings  Analysis time :  0.7 [s]
acom -reorder -O3 -e 100 -work AsyncronousReceiver -2002  $dsn/src/AsyncronousReceiver.vhd $dsn/src/CountDown.vhd $dsn/src/LatchSR.vhd $dsn/src/Timer.vhd $dsn/src/Deserializer.vhd $dsn/src/FallingEd.vhd $dsn/src/Toggle.vhd
# Warning: DAGGEN_0523: The source is compiled without the -dbg switch. Line breakpoints and assertion debug will not be available.
# File: C:/My_Designs/SDLR2_std/AsyncronousReceiver/src/AsyncronousReceiver.vhd
# Compile Entity "AsyncronousReceiver"
# Compile Architecture "Structural" of Entity "AsyncronousReceiver"
# File: C:/My_Designs/SDLR2_std/AsyncronousReceiver/src/CountDown.vhd
# Compile Entity "CountDown"
# Compile Architecture "Behavioral" of Entity "CountDown"
# File: C:/My_Designs/SDLR2_std/AsyncronousReceiver/src/LatchSR.vhd
# Compile Entity "LatchSR"
# Compile Architecture "Behavioral" of Entity "LatchSR"
# File: C:/My_Designs/SDLR2_std/AsyncronousReceiver/src/Timer.vhd
# Compile Entity "Timer"
# Compile Architecture "Behavioral" of Entity "Timer"
# File: C:/My_Designs/SDLR2_std/AsyncronousReceiver/src/Deserializer.vhd
# Compile Entity "Deserializer"
# Compile Architecture "Behavioral" of Entity "Deserializer"
# File: C:/My_Designs/SDLR2_std/AsyncronousReceiver/src/FallingEd.vhd
# Compile Entity "FallingEd"
# Compile Architecture "Behavioral" of Entity "FallingEd"
# File: C:/My_Designs/SDLR2_std/AsyncronousReceiver/src/Toggle.vhd
# Compile Entity "Toggle"
# Compile Architecture "Behavioral" of Entity "Toggle"
# Top-level unit(s) detected:
# Entity => Deserializer
# Entity => LatchSR
# Entity => Timer
# Entity => Toggle
# Entity => FallingEd
# Entity => CountDown
# Error: COMP96_0018: AsyncronousReceiver.vhd : (86, 1): Identifier expected.
# Compile failure 1 Errors 0 Warnings  Analysis time :  0.2 [s]
acom -reorder -O3 -e 100 -work AsyncronousReceiver -2002  $dsn/src/AsyncronousReceiver.vhd $dsn/src/CountDown.vhd $dsn/src/LatchSR.vhd $dsn/src/Timer.vhd $dsn/src/Deserializer.vhd $dsn/src/FallingEd.vhd $dsn/src/Toggle.vhd
# Warning: DAGGEN_0523: The source is compiled without the -dbg switch. Line breakpoints and assertion debug will not be available.
# File: C:/My_Designs/SDLR2_std/AsyncronousReceiver/src/AsyncronousReceiver.vhd
# Compile Entity "AsyncronousReceiver"
# Compile Architecture "Structural" of Entity "AsyncronousReceiver"
# File: C:/My_Designs/SDLR2_std/AsyncronousReceiver/src/CountDown.vhd
# Compile Entity "CountDown"
# Compile Architecture "Behavioral" of Entity "CountDown"
# File: C:/My_Designs/SDLR2_std/AsyncronousReceiver/src/LatchSR.vhd
# Compile Entity "LatchSR"
# Compile Architecture "Behavioral" of Entity "LatchSR"
# File: C:/My_Designs/SDLR2_std/AsyncronousReceiver/src/Timer.vhd
# Compile Entity "Timer"
# Compile Architecture "Behavioral" of Entity "Timer"
# File: C:/My_Designs/SDLR2_std/AsyncronousReceiver/src/Deserializer.vhd
# Compile Entity "Deserializer"
# Compile Architecture "Behavioral" of Entity "Deserializer"
# File: C:/My_Designs/SDLR2_std/AsyncronousReceiver/src/FallingEd.vhd
# Compile Entity "FallingEd"
# Compile Architecture "Behavioral" of Entity "FallingEd"
# File: C:/My_Designs/SDLR2_std/AsyncronousReceiver/src/Toggle.vhd
# Compile Entity "Toggle"
# Compile Architecture "Behavioral" of Entity "Toggle"
# Incorrect order of units detected.
# Automatic reorder and incremental recompilation of required units in progress.
# Top-level unit(s) detected:
# Entity => Deserializer
# Entity => AsyncronousReceiver
# File: C:/My_Designs/SDLR2_std/AsyncronousReceiver/src/AsyncronousReceiver.vhd
# Compile Architecture "Structural" of Entity "AsyncronousReceiver"
# Error: COMP96_0078: AsyncronousReceiver.vhd : (62, 11): Unknown identifier "Deserializer".
# Error: COMP96_0134: AsyncronousReceiver.vhd : (62, 11): Cannot find component declaration.
# Error: COMP96_0078: AsyncronousReceiver.vhd : (90, 10): Unknown identifier "XIN".
# Error: COMP96_0078: AsyncronousReceiver.vhd : (91, 10): Unknown identifier "XRE".
# Error: COMP96_0122: AsyncronousReceiver.vhd : (93, 2): Symbol "Label1" has already been declared in this scope.
# Error: COMP96_0078: AsyncronousReceiver.vhd : (97, 10): Unknown identifier "CLR".
# Error: COMP96_0078: AsyncronousReceiver.vhd : (98, 10): Unknown identifier "SET".
# Error: COMP96_0078: AsyncronousReceiver.vhd : (99, 11): Unknown identifier "SOUT".
# Error: COMP96_0122: AsyncronousReceiver.vhd : (101, 2): Symbol "Label1" has already been declared in this scope.
# Error: COMP96_0078: AsyncronousReceiver.vhd : (103, 12): Unknown identifier "Ticks".
# Error: COMP96_0133: AsyncronousReceiver.vhd : (103, 12): Cannot find object declaration.
# Error: COMP96_0100: AsyncronousReceiver.vhd : (108, 3): Actual parameter type in port map does not match the type of the formal port 'EOT'.
# Error: COMP96_0122: AsyncronousReceiver.vhd : (110, 2): Symbol "Label1" has already been declared in this scope.
# Error: COMP96_0078: AsyncronousReceiver.vhd : (114, 10): Unknown identifier "TOG".
# Error: COMP96_0078: AsyncronousReceiver.vhd : (115, 10): Unknown identifier "TGS".
# Compile failure 15 Errors 0 Warnings  Analysis time :  0.4 [s]
acom -reorder -O3 -e 100 -work AsyncronousReceiver -2002  $dsn/src/AsyncronousReceiver.vhd $dsn/src/CountDown.vhd $dsn/src/LatchSR.vhd $dsn/src/Timer.vhd $dsn/src/Deserializer.vhd $dsn/src/FallingEd.vhd $dsn/src/Toggle.vhd
# Warning: DAGGEN_0523: The source is compiled without the -dbg switch. Line breakpoints and assertion debug will not be available.
# File: C:/My_Designs/SDLR2_std/AsyncronousReceiver/src/AsyncronousReceiver.vhd
# Compile Entity "AsyncronousReceiver"
# Compile Architecture "Structural" of Entity "AsyncronousReceiver"
# File: C:/My_Designs/SDLR2_std/AsyncronousReceiver/src/CountDown.vhd
# Compile Entity "CountDown"
# Compile Architecture "Behavioral" of Entity "CountDown"
# File: C:/My_Designs/SDLR2_std/AsyncronousReceiver/src/LatchSR.vhd
# Compile Entity "LatchSR"
# Compile Architecture "Behavioral" of Entity "LatchSR"
# File: C:/My_Designs/SDLR2_std/AsyncronousReceiver/src/Timer.vhd
# Compile Entity "Timer"
# Compile Architecture "Behavioral" of Entity "Timer"
# File: C:/My_Designs/SDLR2_std/AsyncronousReceiver/src/Deserializer.vhd
# Compile Entity "Deserializer"
# Compile Architecture "Behavioral" of Entity "Deserializer"
# File: C:/My_Designs/SDLR2_std/AsyncronousReceiver/src/FallingEd.vhd
# Compile Entity "FallingEd"
# Compile Architecture "Behavioral" of Entity "FallingEd"
# File: C:/My_Designs/SDLR2_std/AsyncronousReceiver/src/Toggle.vhd
# Compile Entity "Toggle"
# Compile Architecture "Behavioral" of Entity "Toggle"
# Incorrect order of units detected.
# Automatic reorder and incremental recompilation of required units in progress.
# Top-level unit(s) detected:
# Entity => AsyncronousReceiver
# File: C:/My_Designs/SDLR2_std/AsyncronousReceiver/src/AsyncronousReceiver.vhd
# Compile Architecture "Structural" of Entity "AsyncronousReceiver"
# Error: COMP96_0078: AsyncronousReceiver.vhd : (91, 10): Unknown identifier "XIN".
# Error: COMP96_0078: AsyncronousReceiver.vhd : (92, 10): Unknown identifier "XRE".
# Error: COMP96_0122: AsyncronousReceiver.vhd : (94, 2): Symbol "Label1" has already been declared in this scope.
# Error: COMP96_0078: AsyncronousReceiver.vhd : (98, 10): Unknown identifier "CLR".
# Error: COMP96_0078: AsyncronousReceiver.vhd : (99, 10): Unknown identifier "SET".
# Error: COMP96_0078: AsyncronousReceiver.vhd : (100, 11): Unknown identifier "SOUT".
# Error: COMP96_0122: AsyncronousReceiver.vhd : (102, 2): Symbol "Label1" has already been declared in this scope.
# Error: COMP96_0078: AsyncronousReceiver.vhd : (104, 12): Unknown identifier "Ticks".
# Error: COMP96_0133: AsyncronousReceiver.vhd : (104, 12): Cannot find object declaration.
# Error: COMP96_0100: AsyncronousReceiver.vhd : (109, 3): Actual parameter type in port map does not match the type of the formal port 'EOT'.
# Error: COMP96_0122: AsyncronousReceiver.vhd : (111, 2): Symbol "Label1" has already been declared in this scope.
# Error: COMP96_0078: AsyncronousReceiver.vhd : (115, 10): Unknown identifier "TOG".
# Error: COMP96_0078: AsyncronousReceiver.vhd : (116, 10): Unknown identifier "TGS".
# Compile failure 13 Errors 0 Warnings  Analysis time :  0.4 [s]
acom -reorder -O3 -e 100 -work AsyncronousReceiver -2002  $dsn/src/AsyncronousReceiver.vhd $dsn/src/CountDown.vhd $dsn/src/LatchSR.vhd $dsn/src/Timer.vhd $dsn/src/Deserializer.vhd $dsn/src/FallingEd.vhd $dsn/src/Toggle.vhd
# Warning: DAGGEN_0523: The source is compiled without the -dbg switch. Line breakpoints and assertion debug will not be available.
# File: C:/My_Designs/SDLR2_std/AsyncronousReceiver/src/AsyncronousReceiver.vhd
# Compile Entity "AsyncronousReceiver"
# Compile Architecture "Structural" of Entity "AsyncronousReceiver"
# File: C:/My_Designs/SDLR2_std/AsyncronousReceiver/src/CountDown.vhd
# Compile Entity "CountDown"
# Compile Architecture "Behavioral" of Entity "CountDown"
# File: C:/My_Designs/SDLR2_std/AsyncronousReceiver/src/LatchSR.vhd
# Compile Entity "LatchSR"
# Compile Architecture "Behavioral" of Entity "LatchSR"
# File: C:/My_Designs/SDLR2_std/AsyncronousReceiver/src/Timer.vhd
# Compile Entity "Timer"
# Compile Architecture "Behavioral" of Entity "Timer"
# File: C:/My_Designs/SDLR2_std/AsyncronousReceiver/src/Deserializer.vhd
# Compile Entity "Deserializer"
# Compile Architecture "Behavioral" of Entity "Deserializer"
# File: C:/My_Designs/SDLR2_std/AsyncronousReceiver/src/FallingEd.vhd
# Compile Entity "FallingEd"
# Compile Architecture "Behavioral" of Entity "FallingEd"
# File: C:/My_Designs/SDLR2_std/AsyncronousReceiver/src/Toggle.vhd
# Compile Entity "Toggle"
# Compile Architecture "Behavioral" of Entity "Toggle"
# Incorrect order of units detected.
# Automatic reorder and incremental recompilation of required units in progress.
# Top-level unit(s) detected:
# Entity => AsyncronousReceiver
# File: C:/My_Designs/SDLR2_std/AsyncronousReceiver/src/AsyncronousReceiver.vhd
# Compile Architecture "Structural" of Entity "AsyncronousReceiver"
# Error: COMP96_0078: AsyncronousReceiver.vhd : (92, 10): Unknown identifier "XIN".
# Error: COMP96_0122: AsyncronousReceiver.vhd : (95, 2): Symbol "Label1" has already been declared in this scope.
# Error: COMP96_0078: AsyncronousReceiver.vhd : (99, 10): Unknown identifier "CLR".
# Error: COMP96_0078: AsyncronousReceiver.vhd : (100, 10): Unknown identifier "SET".
# Error: COMP96_0122: AsyncronousReceiver.vhd : (103, 2): Symbol "Label1" has already been declared in this scope.
# Error: COMP96_0078: AsyncronousReceiver.vhd : (105, 12): Unknown identifier "Ticks".
# Error: COMP96_0133: AsyncronousReceiver.vhd : (105, 12): Cannot find object declaration.
# Error: COMP96_0122: AsyncronousReceiver.vhd : (112, 2): Symbol "Label1" has already been declared in this scope.
# Error: COMP96_0078: AsyncronousReceiver.vhd : (116, 10): Unknown identifier "TOG".
# Error: COMP96_0122: AsyncronousReceiver.vhd : (119, 2): Symbol "Label1" has already been declared in this scope.
# Error: COMP96_0078: AsyncronousReceiver.vhd : (126, 10): Unknown identifier "BIN".
# Error: COMP96_0078: AsyncronousReceiver.vhd : (127, 10): Unknown identifier "SHF".
# Error: COMP96_0122: AsyncronousReceiver.vhd : (130, 2): Symbol "Label1" has already been declared in this scope.
# Error: COMP96_0078: AsyncronousReceiver.vhd : (132, 8): Unknown identifier "N".
# Error: COMP96_0133: AsyncronousReceiver.vhd : (132, 8): Cannot find object declaration.
# Error: COMP96_0078: AsyncronousReceiver.vhd : (137, 10): Unknown identifier "DEC".
# Compile failure 16 Errors 0 Warnings  Analysis time :  0.3 [s]
acom -reorder -O3 -e 100 -work AsyncronousReceiver -2002  $dsn/src/AsyncronousReceiver.vhd $dsn/src/CountDown.vhd $dsn/src/LatchSR.vhd $dsn/src/Timer.vhd $dsn/src/Deserializer.vhd $dsn/src/FallingEd.vhd $dsn/src/Toggle.vhd
# Warning: DAGGEN_0523: The source is compiled without the -dbg switch. Line breakpoints and assertion debug will not be available.
# File: C:/My_Designs/SDLR2_std/AsyncronousReceiver/src/AsyncronousReceiver.vhd
# Compile Entity "AsyncronousReceiver"
# Compile Architecture "Structural" of Entity "AsyncronousReceiver"
# File: C:/My_Designs/SDLR2_std/AsyncronousReceiver/src/CountDown.vhd
# Compile Entity "CountDown"
# Compile Architecture "Behavioral" of Entity "CountDown"
# File: C:/My_Designs/SDLR2_std/AsyncronousReceiver/src/LatchSR.vhd
# Compile Entity "LatchSR"
# Compile Architecture "Behavioral" of Entity "LatchSR"
# File: C:/My_Designs/SDLR2_std/AsyncronousReceiver/src/Timer.vhd
# Compile Entity "Timer"
# Compile Architecture "Behavioral" of Entity "Timer"
# File: C:/My_Designs/SDLR2_std/AsyncronousReceiver/src/Deserializer.vhd
# Compile Entity "Deserializer"
# Compile Architecture "Behavioral" of Entity "Deserializer"
# File: C:/My_Designs/SDLR2_std/AsyncronousReceiver/src/FallingEd.vhd
# Compile Entity "FallingEd"
# Compile Architecture "Behavioral" of Entity "FallingEd"
# File: C:/My_Designs/SDLR2_std/AsyncronousReceiver/src/Toggle.vhd
# Compile Entity "Toggle"
# Compile Architecture "Behavioral" of Entity "Toggle"
# Incorrect order of units detected.
# Automatic reorder and incremental recompilation of required units in progress.
# Top-level unit(s) detected:
# Entity => AsyncronousReceiver
# File: C:/My_Designs/SDLR2_std/AsyncronousReceiver/src/AsyncronousReceiver.vhd
# Compile Architecture "Structural" of Entity "AsyncronousReceiver"
# Error: COMP96_0078: AsyncronousReceiver.vhd : (92, 10): Unknown identifier "XIN".
# Error: COMP96_0078: AsyncronousReceiver.vhd : (99, 10): Unknown identifier "CLR".
# Error: COMP96_0078: AsyncronousReceiver.vhd : (100, 10): Unknown identifier "SET".
# Error: COMP96_0078: AsyncronousReceiver.vhd : (105, 12): Unknown identifier "Ticks".
# Error: COMP96_0133: AsyncronousReceiver.vhd : (105, 12): Cannot find object declaration.
# Error: COMP96_0078: AsyncronousReceiver.vhd : (116, 10): Unknown identifier "TOG".
# Error: COMP96_0078: AsyncronousReceiver.vhd : (126, 10): Unknown identifier "BIN".
# Error: COMP96_0078: AsyncronousReceiver.vhd : (127, 10): Unknown identifier "SHF".
# Error: COMP96_0078: AsyncronousReceiver.vhd : (132, 8): Unknown identifier "N".
# Error: COMP96_0133: AsyncronousReceiver.vhd : (132, 8): Cannot find object declaration.
# Error: COMP96_0078: AsyncronousReceiver.vhd : (137, 10): Unknown identifier "DEC".
# Compile failure 11 Errors 0 Warnings  Analysis time :  0.3 [s]
acom -reorder -O3 -e 100 -work AsyncronousReceiver -2002  $dsn/src/AsyncronousReceiver.vhd $dsn/src/CountDown.vhd $dsn/src/LatchSR.vhd $dsn/src/Timer.vhd $dsn/src/Deserializer.vhd $dsn/src/FallingEd.vhd $dsn/src/Toggle.vhd
# Warning: DAGGEN_0523: The source is compiled without the -dbg switch. Line breakpoints and assertion debug will not be available.
# File: C:/My_Designs/SDLR2_std/AsyncronousReceiver/src/AsyncronousReceiver.vhd
# Compile Entity "AsyncronousReceiver"
# Compile Architecture "Structural" of Entity "AsyncronousReceiver"
# File: C:/My_Designs/SDLR2_std/AsyncronousReceiver/src/CountDown.vhd
# Compile Entity "CountDown"
# Compile Architecture "Behavioral" of Entity "CountDown"
# File: C:/My_Designs/SDLR2_std/AsyncronousReceiver/src/LatchSR.vhd
# Compile Entity "LatchSR"
# Compile Architecture "Behavioral" of Entity "LatchSR"
# File: C:/My_Designs/SDLR2_std/AsyncronousReceiver/src/Timer.vhd
# Compile Entity "Timer"
# Compile Architecture "Behavioral" of Entity "Timer"
# File: C:/My_Designs/SDLR2_std/AsyncronousReceiver/src/Deserializer.vhd
# Compile Entity "Deserializer"
# Compile Architecture "Behavioral" of Entity "Deserializer"
# File: C:/My_Designs/SDLR2_std/AsyncronousReceiver/src/FallingEd.vhd
# Compile Entity "FallingEd"
# Compile Architecture "Behavioral" of Entity "FallingEd"
# File: C:/My_Designs/SDLR2_std/AsyncronousReceiver/src/Toggle.vhd
# Compile Entity "Toggle"
# Compile Architecture "Behavioral" of Entity "Toggle"
# Incorrect order of units detected.
# Automatic reorder and incremental recompilation of required units in progress.
# Top-level unit(s) detected:
# Entity => AsyncronousReceiver
# File: C:/My_Designs/SDLR2_std/AsyncronousReceiver/src/AsyncronousReceiver.vhd
# Compile Architecture "Structural" of Entity "AsyncronousReceiver"
# Error: COMP96_0078: AsyncronousReceiver.vhd : (92, 10): Unknown identifier "RDX".
# Error: COMP96_0078: AsyncronousReceiver.vhd : (99, 10): Unknown identifier "CLR".
# Error: COMP96_0078: AsyncronousReceiver.vhd : (100, 10): Unknown identifier "SET".
# Error: COMP96_0078: AsyncronousReceiver.vhd : (105, 12): Unknown identifier "Ticks".
# Error: COMP96_0133: AsyncronousReceiver.vhd : (105, 12): Cannot find object declaration.
# Error: COMP96_0078: AsyncronousReceiver.vhd : (116, 10): Unknown identifier "TOG".
# Error: COMP96_0078: AsyncronousReceiver.vhd : (126, 10): Unknown identifier "BIN".
# Error: COMP96_0078: AsyncronousReceiver.vhd : (127, 10): Unknown identifier "SHF".
# Error: COMP96_0078: AsyncronousReceiver.vhd : (132, 8): Unknown identifier "N".
# Error: COMP96_0133: AsyncronousReceiver.vhd : (132, 8): Cannot find object declaration.
# Error: COMP96_0078: AsyncronousReceiver.vhd : (137, 10): Unknown identifier "DEC".
# Compile failure 11 Errors 0 Warnings  Analysis time :  0.3 [s]
acom -reorder -O3 -e 100 -work AsyncronousReceiver -2002  $dsn/src/AsyncronousReceiver.vhd $dsn/src/CountDown.vhd $dsn/src/LatchSR.vhd $dsn/src/Timer.vhd $dsn/src/Deserializer.vhd $dsn/src/FallingEd.vhd $dsn/src/Toggle.vhd
# Warning: DAGGEN_0523: The source is compiled without the -dbg switch. Line breakpoints and assertion debug will not be available.
# File: C:/My_Designs/SDLR2_std/AsyncronousReceiver/src/AsyncronousReceiver.vhd
# Compile Entity "AsyncronousReceiver"
# Compile Architecture "Structural" of Entity "AsyncronousReceiver"
# File: C:/My_Designs/SDLR2_std/AsyncronousReceiver/src/CountDown.vhd
# Compile Entity "CountDown"
# Compile Architecture "Behavioral" of Entity "CountDown"
# File: C:/My_Designs/SDLR2_std/AsyncronousReceiver/src/LatchSR.vhd
# Compile Entity "LatchSR"
# Compile Architecture "Behavioral" of Entity "LatchSR"
# File: C:/My_Designs/SDLR2_std/AsyncronousReceiver/src/Timer.vhd
# Compile Entity "Timer"
# Compile Architecture "Behavioral" of Entity "Timer"
# File: C:/My_Designs/SDLR2_std/AsyncronousReceiver/src/Deserializer.vhd
# Compile Entity "Deserializer"
# Compile Architecture "Behavioral" of Entity "Deserializer"
# File: C:/My_Designs/SDLR2_std/AsyncronousReceiver/src/FallingEd.vhd
# Compile Entity "FallingEd"
# Compile Architecture "Behavioral" of Entity "FallingEd"
# File: C:/My_Designs/SDLR2_std/AsyncronousReceiver/src/Toggle.vhd
# Compile Entity "Toggle"
# Compile Architecture "Behavioral" of Entity "Toggle"
# Incorrect order of units detected.
# Automatic reorder and incremental recompilation of required units in progress.
# Top-level unit(s) detected:
# Entity => AsyncronousReceiver
# File: C:/My_Designs/SDLR2_std/AsyncronousReceiver/src/AsyncronousReceiver.vhd
# Compile Architecture "Structural" of Entity "AsyncronousReceiver"
# Error: COMP96_0078: AsyncronousReceiver.vhd : (99, 10): Unknown identifier "CLR".
# Error: COMP96_0078: AsyncronousReceiver.vhd : (100, 10): Unknown identifier "SET".
# Error: COMP96_0078: AsyncronousReceiver.vhd : (105, 12): Unknown identifier "Ticks".
# Error: COMP96_0133: AsyncronousReceiver.vhd : (105, 12): Cannot find object declaration.
# Error: COMP96_0078: AsyncronousReceiver.vhd : (116, 10): Unknown identifier "TOG".
# Error: COMP96_0078: AsyncronousReceiver.vhd : (126, 10): Unknown identifier "BIN".
# Error: COMP96_0078: AsyncronousReceiver.vhd : (127, 10): Unknown identifier "SHF".
# Error: COMP96_0078: AsyncronousReceiver.vhd : (132, 8): Unknown identifier "N".
# Error: COMP96_0133: AsyncronousReceiver.vhd : (132, 8): Cannot find object declaration.
# Error: COMP96_0078: AsyncronousReceiver.vhd : (137, 10): Unknown identifier "DEC".
# Compile failure 10 Errors 0 Warnings  Analysis time :  0.3 [s]
acom -reorder -O3 -e 100 -work AsyncronousReceiver -2002  $dsn/src/AsyncronousReceiver.vhd $dsn/src/CountDown.vhd $dsn/src/LatchSR.vhd $dsn/src/Timer.vhd $dsn/src/Deserializer.vhd $dsn/src/FallingEd.vhd $dsn/src/Toggle.vhd
# Warning: DAGGEN_0523: The source is compiled without the -dbg switch. Line breakpoints and assertion debug will not be available.
# File: C:/My_Designs/SDLR2_std/AsyncronousReceiver/src/AsyncronousReceiver.vhd
# Compile Entity "AsyncronousReceiver"
# Compile Architecture "Structural" of Entity "AsyncronousReceiver"
# File: C:/My_Designs/SDLR2_std/AsyncronousReceiver/src/CountDown.vhd
# Compile Entity "CountDown"
# Compile Architecture "Behavioral" of Entity "CountDown"
# File: C:/My_Designs/SDLR2_std/AsyncronousReceiver/src/LatchSR.vhd
# Compile Entity "LatchSR"
# Compile Architecture "Behavioral" of Entity "LatchSR"
# File: C:/My_Designs/SDLR2_std/AsyncronousReceiver/src/Timer.vhd
# Compile Entity "Timer"
# Compile Architecture "Behavioral" of Entity "Timer"
# File: C:/My_Designs/SDLR2_std/AsyncronousReceiver/src/Deserializer.vhd
# Compile Entity "Deserializer"
# Compile Architecture "Behavioral" of Entity "Deserializer"
# File: C:/My_Designs/SDLR2_std/AsyncronousReceiver/src/FallingEd.vhd
# Compile Entity "FallingEd"
# Compile Architecture "Behavioral" of Entity "FallingEd"
# File: C:/My_Designs/SDLR2_std/AsyncronousReceiver/src/Toggle.vhd
# Compile Entity "Toggle"
# Compile Architecture "Behavioral" of Entity "Toggle"
# Incorrect order of units detected.
# Automatic reorder and incremental recompilation of required units in progress.
# Top-level unit(s) detected:
# Entity => AsyncronousReceiver
# File: C:/My_Designs/SDLR2_std/AsyncronousReceiver/src/AsyncronousReceiver.vhd
# Compile Architecture "Structural" of Entity "AsyncronousReceiver"
# Error: COMP96_0078: AsyncronousReceiver.vhd : (99, 10): Unknown identifier "CLR".
# Error: COMP96_0078: AsyncronousReceiver.vhd : (100, 10): Unknown identifier "SET".
# Error: COMP96_0078: AsyncronousReceiver.vhd : (116, 10): Unknown identifier "TOG".
# Error: COMP96_0078: AsyncronousReceiver.vhd : (126, 10): Unknown identifier "BIN".
# Error: COMP96_0078: AsyncronousReceiver.vhd : (127, 10): Unknown identifier "SHF".
# Error: COMP96_0078: AsyncronousReceiver.vhd : (132, 8): Unknown identifier "N".
# Error: COMP96_0133: AsyncronousReceiver.vhd : (132, 8): Cannot find object declaration.
# Error: COMP96_0078: AsyncronousReceiver.vhd : (137, 10): Unknown identifier "DEC".
# Compile failure 8 Errors 0 Warnings  Analysis time :  0.2 [s]
acom -reorder -O3 -e 100 -work AsyncronousReceiver -2002  $dsn/src/AsyncronousReceiver.vhd $dsn/src/CountDown.vhd $dsn/src/LatchSR.vhd $dsn/src/Timer.vhd $dsn/src/Deserializer.vhd $dsn/src/FallingEd.vhd $dsn/src/Toggle.vhd
# Warning: DAGGEN_0523: The source is compiled without the -dbg switch. Line breakpoints and assertion debug will not be available.
# File: C:/My_Designs/SDLR2_std/AsyncronousReceiver/src/AsyncronousReceiver.vhd
# Compile Entity "AsyncronousReceiver"
# Compile Architecture "Structural" of Entity "AsyncronousReceiver"
# File: C:/My_Designs/SDLR2_std/AsyncronousReceiver/src/CountDown.vhd
# Compile Entity "CountDown"
# Compile Architecture "Behavioral" of Entity "CountDown"
# File: C:/My_Designs/SDLR2_std/AsyncronousReceiver/src/LatchSR.vhd
# Compile Entity "LatchSR"
# Compile Architecture "Behavioral" of Entity "LatchSR"
# File: C:/My_Designs/SDLR2_std/AsyncronousReceiver/src/Timer.vhd
# Compile Entity "Timer"
# Compile Architecture "Behavioral" of Entity "Timer"
# File: C:/My_Designs/SDLR2_std/AsyncronousReceiver/src/Deserializer.vhd
# Compile Entity "Deserializer"
# Compile Architecture "Behavioral" of Entity "Deserializer"
# File: C:/My_Designs/SDLR2_std/AsyncronousReceiver/src/FallingEd.vhd
# Compile Entity "FallingEd"
# Compile Architecture "Behavioral" of Entity "FallingEd"
# File: C:/My_Designs/SDLR2_std/AsyncronousReceiver/src/Toggle.vhd
# Compile Entity "Toggle"
# Compile Architecture "Behavioral" of Entity "Toggle"
# Incorrect order of units detected.
# Automatic reorder and incremental recompilation of required units in progress.
# Top-level unit(s) detected:
# Entity => AsyncronousReceiver
# File: C:/My_Designs/SDLR2_std/AsyncronousReceiver/src/AsyncronousReceiver.vhd
# Compile Architecture "Structural" of Entity "AsyncronousReceiver"
# Error: COMP96_0078: AsyncronousReceiver.vhd : (99, 10): Unknown identifier "CLR".
# Error: COMP96_0078: AsyncronousReceiver.vhd : (116, 10): Unknown identifier "TOG".
# Error: COMP96_0078: AsyncronousReceiver.vhd : (126, 10): Unknown identifier "BIN".
# Error: COMP96_0078: AsyncronousReceiver.vhd : (127, 10): Unknown identifier "SHF".
# Error: COMP96_0078: AsyncronousReceiver.vhd : (132, 8): Unknown identifier "N".
# Error: COMP96_0133: AsyncronousReceiver.vhd : (132, 8): Cannot find object declaration.
# Error: COMP96_0078: AsyncronousReceiver.vhd : (137, 10): Unknown identifier "DEC".
# Compile failure 7 Errors 0 Warnings  Analysis time :  0.3 [s]
acom -reorder -O3 -e 100 -work AsyncronousReceiver -2002  $dsn/src/AsyncronousReceiver.vhd $dsn/src/CountDown.vhd $dsn/src/LatchSR.vhd $dsn/src/Timer.vhd $dsn/src/Deserializer.vhd $dsn/src/FallingEd.vhd $dsn/src/Toggle.vhd
# Warning: DAGGEN_0523: The source is compiled without the -dbg switch. Line breakpoints and assertion debug will not be available.
# File: C:/My_Designs/SDLR2_std/AsyncronousReceiver/src/AsyncronousReceiver.vhd
# Compile Entity "AsyncronousReceiver"
# Compile Architecture "Structural" of Entity "AsyncronousReceiver"
# File: C:/My_Designs/SDLR2_std/AsyncronousReceiver/src/CountDown.vhd
# Compile Entity "CountDown"
# Compile Architecture "Behavioral" of Entity "CountDown"
# File: C:/My_Designs/SDLR2_std/AsyncronousReceiver/src/LatchSR.vhd
# Compile Entity "LatchSR"
# Compile Architecture "Behavioral" of Entity "LatchSR"
# File: C:/My_Designs/SDLR2_std/AsyncronousReceiver/src/Timer.vhd
# Compile Entity "Timer"
# Compile Architecture "Behavioral" of Entity "Timer"
# File: C:/My_Designs/SDLR2_std/AsyncronousReceiver/src/Deserializer.vhd
# Compile Entity "Deserializer"
# Compile Architecture "Behavioral" of Entity "Deserializer"
# File: C:/My_Designs/SDLR2_std/AsyncronousReceiver/src/FallingEd.vhd
# Compile Entity "FallingEd"
# Compile Architecture "Behavioral" of Entity "FallingEd"
# File: C:/My_Designs/SDLR2_std/AsyncronousReceiver/src/Toggle.vhd
# Compile Entity "Toggle"
# Compile Architecture "Behavioral" of Entity "Toggle"
# Incorrect order of units detected.
# Automatic reorder and incremental recompilation of required units in progress.
# Top-level unit(s) detected:
# Entity => AsyncronousReceiver
# File: C:/My_Designs/SDLR2_std/AsyncronousReceiver/src/AsyncronousReceiver.vhd
# Compile Architecture "Structural" of Entity "AsyncronousReceiver"
# Error: COMP96_0078: AsyncronousReceiver.vhd : (99, 10): Unknown identifier "EOC".
# Error: COMP96_0078: AsyncronousReceiver.vhd : (101, 11): Unknown identifier "ENA".
# Error: COMP96_0078: AsyncronousReceiver.vhd : (109, 10): Unknown identifier "ENA".
# Error: COMP96_0078: AsyncronousReceiver.vhd : (115, 10): Unknown identifier "ENA".
# Error: COMP96_0078: AsyncronousReceiver.vhd : (116, 10): Unknown identifier "TOG".
# Error: COMP96_0078: AsyncronousReceiver.vhd : (126, 10): Unknown identifier "BIN".
# Error: COMP96_0078: AsyncronousReceiver.vhd : (127, 10): Unknown identifier "SHF".
# Error: COMP96_0078: AsyncronousReceiver.vhd : (132, 8): Unknown identifier "N".
# Error: COMP96_0133: AsyncronousReceiver.vhd : (132, 8): Cannot find object declaration.
# Error: COMP96_0078: AsyncronousReceiver.vhd : (136, 10): Unknown identifier "ENA".
# Error: COMP96_0078: AsyncronousReceiver.vhd : (137, 10): Unknown identifier "DEC".
# Error: COMP96_0078: AsyncronousReceiver.vhd : (138, 10): Unknown identifier "EOC".
# Compile failure 12 Errors 0 Warnings  Analysis time :  0.3 [s]
acom -reorder -O3 -e 100 -work AsyncronousReceiver -2002  $dsn/src/AsyncronousReceiver.vhd $dsn/src/CountDown.vhd $dsn/src/LatchSR.vhd $dsn/src/Timer.vhd $dsn/src/Deserializer.vhd $dsn/src/FallingEd.vhd $dsn/src/Toggle.vhd
# Warning: DAGGEN_0523: The source is compiled without the -dbg switch. Line breakpoints and assertion debug will not be available.
# File: C:/My_Designs/SDLR2_std/AsyncronousReceiver/src/AsyncronousReceiver.vhd
# Compile Entity "AsyncronousReceiver"
# Compile Architecture "Structural" of Entity "AsyncronousReceiver"
# File: C:/My_Designs/SDLR2_std/AsyncronousReceiver/src/CountDown.vhd
# Compile Entity "CountDown"
# Compile Architecture "Behavioral" of Entity "CountDown"
# File: C:/My_Designs/SDLR2_std/AsyncronousReceiver/src/LatchSR.vhd
# Compile Entity "LatchSR"
# Compile Architecture "Behavioral" of Entity "LatchSR"
# File: C:/My_Designs/SDLR2_std/AsyncronousReceiver/src/Timer.vhd
# Compile Entity "Timer"
# Compile Architecture "Behavioral" of Entity "Timer"
# File: C:/My_Designs/SDLR2_std/AsyncronousReceiver/src/Deserializer.vhd
# Compile Entity "Deserializer"
# Compile Architecture "Behavioral" of Entity "Deserializer"
# File: C:/My_Designs/SDLR2_std/AsyncronousReceiver/src/FallingEd.vhd
# Compile Entity "FallingEd"
# Compile Architecture "Behavioral" of Entity "FallingEd"
# File: C:/My_Designs/SDLR2_std/AsyncronousReceiver/src/Toggle.vhd
# Compile Entity "Toggle"
# Compile Architecture "Behavioral" of Entity "Toggle"
# Incorrect order of units detected.
# Automatic reorder and incremental recompilation of required units in progress.
# Top-level unit(s) detected:
# Entity => AsyncronousReceiver
# File: C:/My_Designs/SDLR2_std/AsyncronousReceiver/src/AsyncronousReceiver.vhd
# Compile Architecture "Structural" of Entity "AsyncronousReceiver"
# Error: COMP96_0078: AsyncronousReceiver.vhd : (101, 11): Unknown identifier "ENA".
# Error: COMP96_0078: AsyncronousReceiver.vhd : (109, 10): Unknown identifier "ENA".
# Error: COMP96_0078: AsyncronousReceiver.vhd : (115, 10): Unknown identifier "ENA".
# Error: COMP96_0078: AsyncronousReceiver.vhd : (116, 10): Unknown identifier "TOG".
# Error: COMP96_0078: AsyncronousReceiver.vhd : (126, 10): Unknown identifier "BIN".
# Error: COMP96_0078: AsyncronousReceiver.vhd : (127, 10): Unknown identifier "SHF".
# Error: COMP96_0078: AsyncronousReceiver.vhd : (132, 8): Unknown identifier "N".
# Error: COMP96_0133: AsyncronousReceiver.vhd : (132, 8): Cannot find object declaration.
# Error: COMP96_0078: AsyncronousReceiver.vhd : (136, 10): Unknown identifier "ENA".
# Error: COMP96_0078: AsyncronousReceiver.vhd : (137, 10): Unknown identifier "DEC".
# Compile failure 10 Errors 0 Warnings  Analysis time :  0.2 [s]
acom -reorder -O3 -e 100 -work AsyncronousReceiver -2002  $dsn/src/AsyncronousReceiver.vhd $dsn/src/CountDown.vhd $dsn/src/LatchSR.vhd $dsn/src/Timer.vhd $dsn/src/Deserializer.vhd $dsn/src/FallingEd.vhd $dsn/src/Toggle.vhd
# Warning: DAGGEN_0523: The source is compiled without the -dbg switch. Line breakpoints and assertion debug will not be available.
# File: C:/My_Designs/SDLR2_std/AsyncronousReceiver/src/AsyncronousReceiver.vhd
# Compile Entity "AsyncronousReceiver"
# Compile Architecture "Structural" of Entity "AsyncronousReceiver"
# File: C:/My_Designs/SDLR2_std/AsyncronousReceiver/src/CountDown.vhd
# Compile Entity "CountDown"
# Compile Architecture "Behavioral" of Entity "CountDown"
# File: C:/My_Designs/SDLR2_std/AsyncronousReceiver/src/LatchSR.vhd
# Compile Entity "LatchSR"
# Compile Architecture "Behavioral" of Entity "LatchSR"
# File: C:/My_Designs/SDLR2_std/AsyncronousReceiver/src/Timer.vhd
# Compile Entity "Timer"
# Compile Architecture "Behavioral" of Entity "Timer"
# File: C:/My_Designs/SDLR2_std/AsyncronousReceiver/src/Deserializer.vhd
# Compile Entity "Deserializer"
# Compile Architecture "Behavioral" of Entity "Deserializer"
# File: C:/My_Designs/SDLR2_std/AsyncronousReceiver/src/FallingEd.vhd
# Compile Entity "FallingEd"
# Compile Architecture "Behavioral" of Entity "FallingEd"
# File: C:/My_Designs/SDLR2_std/AsyncronousReceiver/src/Toggle.vhd
# Compile Entity "Toggle"
# Compile Architecture "Behavioral" of Entity "Toggle"
# Incorrect order of units detected.
# Automatic reorder and incremental recompilation of required units in progress.
# Top-level unit(s) detected:
# Entity => AsyncronousReceiver
# File: C:/My_Designs/SDLR2_std/AsyncronousReceiver/src/AsyncronousReceiver.vhd
# Compile Architecture "Structural" of Entity "AsyncronousReceiver"
# Error: COMP96_0078: AsyncronousReceiver.vhd : (116, 10): Unknown identifier "TOG".
# Error: COMP96_0078: AsyncronousReceiver.vhd : (126, 10): Unknown identifier "BIN".
# Error: COMP96_0078: AsyncronousReceiver.vhd : (127, 10): Unknown identifier "SHF".
# Error: COMP96_0078: AsyncronousReceiver.vhd : (132, 8): Unknown identifier "N".
# Error: COMP96_0133: AsyncronousReceiver.vhd : (132, 8): Cannot find object declaration.
# Error: COMP96_0078: AsyncronousReceiver.vhd : (137, 10): Unknown identifier "DEC".
# Compile failure 6 Errors 0 Warnings  Analysis time :  0.2 [s]
acom -reorder -O3 -e 100 -work AsyncronousReceiver -2002  $dsn/src/AsyncronousReceiver.vhd $dsn/src/CountDown.vhd $dsn/src/LatchSR.vhd $dsn/src/Timer.vhd $dsn/src/Deserializer.vhd $dsn/src/FallingEd.vhd $dsn/src/Toggle.vhd
# Warning: DAGGEN_0523: The source is compiled without the -dbg switch. Line breakpoints and assertion debug will not be available.
# File: C:/My_Designs/SDLR2_std/AsyncronousReceiver/src/AsyncronousReceiver.vhd
# Compile Entity "AsyncronousReceiver"
# Compile Architecture "Structural" of Entity "AsyncronousReceiver"
# File: C:/My_Designs/SDLR2_std/AsyncronousReceiver/src/CountDown.vhd
# Compile Entity "CountDown"
# Compile Architecture "Behavioral" of Entity "CountDown"
# File: C:/My_Designs/SDLR2_std/AsyncronousReceiver/src/LatchSR.vhd
# Compile Entity "LatchSR"
# Compile Architecture "Behavioral" of Entity "LatchSR"
# File: C:/My_Designs/SDLR2_std/AsyncronousReceiver/src/Timer.vhd
# Compile Entity "Timer"
# Compile Architecture "Behavioral" of Entity "Timer"
# File: C:/My_Designs/SDLR2_std/AsyncronousReceiver/src/Deserializer.vhd
# Compile Entity "Deserializer"
# Compile Architecture "Behavioral" of Entity "Deserializer"
# File: C:/My_Designs/SDLR2_std/AsyncronousReceiver/src/FallingEd.vhd
# Compile Entity "FallingEd"
# Compile Architecture "Behavioral" of Entity "FallingEd"
# File: C:/My_Designs/SDLR2_std/AsyncronousReceiver/src/Toggle.vhd
# Compile Entity "Toggle"
# Compile Architecture "Behavioral" of Entity "Toggle"
# Incorrect order of units detected.
# Automatic reorder and incremental recompilation of required units in progress.
# Top-level unit(s) detected:
# Entity => AsyncronousReceiver
# File: C:/My_Designs/SDLR2_std/AsyncronousReceiver/src/AsyncronousReceiver.vhd
# Compile Architecture "Structural" of Entity "AsyncronousReceiver"
# Error: COMP96_0078: AsyncronousReceiver.vhd : (117, 10): Unknown identifier "TGS".
# Error: COMP96_0078: AsyncronousReceiver.vhd : (126, 10): Unknown identifier "BIN".
# Error: COMP96_0078: AsyncronousReceiver.vhd : (132, 8): Unknown identifier "N".
# Error: COMP96_0133: AsyncronousReceiver.vhd : (132, 8): Cannot find object declaration.
# Error: COMP96_0078: AsyncronousReceiver.vhd : (137, 10): Unknown identifier "DEC".
# Compile failure 5 Errors 0 Warnings  Analysis time :  0.2 [s]
acom -reorder -O3 -e 100 -work AsyncronousReceiver -2002  $dsn/src/AsyncronousReceiver.vhd $dsn/src/CountDown.vhd $dsn/src/LatchSR.vhd $dsn/src/Timer.vhd $dsn/src/Deserializer.vhd $dsn/src/FallingEd.vhd $dsn/src/Toggle.vhd
# Warning: DAGGEN_0523: The source is compiled without the -dbg switch. Line breakpoints and assertion debug will not be available.
# File: C:/My_Designs/SDLR2_std/AsyncronousReceiver/src/AsyncronousReceiver.vhd
# Compile Entity "AsyncronousReceiver"
# Compile Architecture "Structural" of Entity "AsyncronousReceiver"
# File: C:/My_Designs/SDLR2_std/AsyncronousReceiver/src/CountDown.vhd
# Compile Entity "CountDown"
# Compile Architecture "Behavioral" of Entity "CountDown"
# File: C:/My_Designs/SDLR2_std/AsyncronousReceiver/src/LatchSR.vhd
# Compile Entity "LatchSR"
# Compile Architecture "Behavioral" of Entity "LatchSR"
# File: C:/My_Designs/SDLR2_std/AsyncronousReceiver/src/Timer.vhd
# Compile Entity "Timer"
# Compile Architecture "Behavioral" of Entity "Timer"
# File: C:/My_Designs/SDLR2_std/AsyncronousReceiver/src/Deserializer.vhd
# Compile Entity "Deserializer"
# Compile Architecture "Behavioral" of Entity "Deserializer"
# File: C:/My_Designs/SDLR2_std/AsyncronousReceiver/src/FallingEd.vhd
# Compile Entity "FallingEd"
# Compile Architecture "Behavioral" of Entity "FallingEd"
# File: C:/My_Designs/SDLR2_std/AsyncronousReceiver/src/Toggle.vhd
# Compile Entity "Toggle"
# Compile Architecture "Behavioral" of Entity "Toggle"
# Incorrect order of units detected.
# Automatic reorder and incremental recompilation of required units in progress.
# Top-level unit(s) detected:
# Entity => AsyncronousReceiver
# File: C:/My_Designs/SDLR2_std/AsyncronousReceiver/src/AsyncronousReceiver.vhd
# Compile Architecture "Structural" of Entity "AsyncronousReceiver"
# Error: COMP96_0078: AsyncronousReceiver.vhd : (126, 10): Unknown identifier "BIN".
# Error: COMP96_0078: AsyncronousReceiver.vhd : (132, 8): Unknown identifier "N".
# Error: COMP96_0133: AsyncronousReceiver.vhd : (132, 8): Cannot find object declaration.
# Error: COMP96_0078: AsyncronousReceiver.vhd : (137, 10): Unknown identifier "DEC".
# Compile failure 4 Errors 0 Warnings  Analysis time :  0.3 [s]
acom -reorder -O3 -e 100 -work AsyncronousReceiver -2002  $dsn/src/AsyncronousReceiver.vhd $dsn/src/CountDown.vhd $dsn/src/LatchSR.vhd $dsn/src/Timer.vhd $dsn/src/Deserializer.vhd $dsn/src/FallingEd.vhd $dsn/src/Toggle.vhd
# Warning: DAGGEN_0523: The source is compiled without the -dbg switch. Line breakpoints and assertion debug will not be available.
# File: C:/My_Designs/SDLR2_std/AsyncronousReceiver/src/AsyncronousReceiver.vhd
# Compile Entity "AsyncronousReceiver"
# Compile Architecture "Structural" of Entity "AsyncronousReceiver"
# File: C:/My_Designs/SDLR2_std/AsyncronousReceiver/src/CountDown.vhd
# Compile Entity "CountDown"
# Compile Architecture "Behavioral" of Entity "CountDown"
# File: C:/My_Designs/SDLR2_std/AsyncronousReceiver/src/LatchSR.vhd
# Compile Entity "LatchSR"
# Compile Architecture "Behavioral" of Entity "LatchSR"
# File: C:/My_Designs/SDLR2_std/AsyncronousReceiver/src/Timer.vhd
# Compile Entity "Timer"
# Compile Architecture "Behavioral" of Entity "Timer"
# File: C:/My_Designs/SDLR2_std/AsyncronousReceiver/src/Deserializer.vhd
# Compile Entity "Deserializer"
# Compile Architecture "Behavioral" of Entity "Deserializer"
# File: C:/My_Designs/SDLR2_std/AsyncronousReceiver/src/FallingEd.vhd
# Compile Entity "FallingEd"
# Compile Architecture "Behavioral" of Entity "FallingEd"
# File: C:/My_Designs/SDLR2_std/AsyncronousReceiver/src/Toggle.vhd
# Compile Entity "Toggle"
# Compile Architecture "Behavioral" of Entity "Toggle"
# Incorrect order of units detected.
# Automatic reorder and incremental recompilation of required units in progress.
# Top-level unit(s) detected:
# Entity => AsyncronousReceiver
# File: C:/My_Designs/SDLR2_std/AsyncronousReceiver/src/AsyncronousReceiver.vhd
# Compile Architecture "Structural" of Entity "AsyncronousReceiver"
# Error: COMP96_0078: AsyncronousReceiver.vhd : (126, 10): Unknown identifier "BIN".
# Error: COMP96_0078: AsyncronousReceiver.vhd : (132, 8): Unknown identifier "N".
# Error: COMP96_0133: AsyncronousReceiver.vhd : (132, 8): Cannot find object declaration.
# Error: COMP96_0100: AsyncronousReceiver.vhd : (137, 3): Actual parameter type in port map does not match the type of the formal port 'DEC'.
# Compile failure 4 Errors 0 Warnings  Analysis time :  0.2 [s]
acom -reorder -O3 -e 100 -work AsyncronousReceiver -2002  $dsn/src/AsyncronousReceiver.vhd $dsn/src/CountDown.vhd $dsn/src/LatchSR.vhd $dsn/src/Timer.vhd $dsn/src/Deserializer.vhd $dsn/src/FallingEd.vhd $dsn/src/Toggle.vhd
# Warning: DAGGEN_0523: The source is compiled without the -dbg switch. Line breakpoints and assertion debug will not be available.
# File: C:/My_Designs/SDLR2_std/AsyncronousReceiver/src/AsyncronousReceiver.vhd
# Compile Entity "AsyncronousReceiver"
# Compile Architecture "Structural" of Entity "AsyncronousReceiver"
# File: C:/My_Designs/SDLR2_std/AsyncronousReceiver/src/CountDown.vhd
# Compile Entity "CountDown"
# Compile Architecture "Behavioral" of Entity "CountDown"
# File: C:/My_Designs/SDLR2_std/AsyncronousReceiver/src/LatchSR.vhd
# Compile Entity "LatchSR"
# Compile Architecture "Behavioral" of Entity "LatchSR"
# File: C:/My_Designs/SDLR2_std/AsyncronousReceiver/src/Timer.vhd
# Compile Entity "Timer"
# Compile Architecture "Behavioral" of Entity "Timer"
# File: C:/My_Designs/SDLR2_std/AsyncronousReceiver/src/Deserializer.vhd
# Compile Entity "Deserializer"
# Compile Architecture "Behavioral" of Entity "Deserializer"
# File: C:/My_Designs/SDLR2_std/AsyncronousReceiver/src/FallingEd.vhd
# Compile Entity "FallingEd"
# Compile Architecture "Behavioral" of Entity "FallingEd"
# File: C:/My_Designs/SDLR2_std/AsyncronousReceiver/src/Toggle.vhd
# Compile Entity "Toggle"
# Compile Architecture "Behavioral" of Entity "Toggle"
# Incorrect order of units detected.
# Automatic reorder and incremental recompilation of required units in progress.
# Top-level unit(s) detected:
# Entity => AsyncronousReceiver
# File: C:/My_Designs/SDLR2_std/AsyncronousReceiver/src/AsyncronousReceiver.vhd
# Compile Architecture "Structural" of Entity "AsyncronousReceiver"
# Error: COMP96_0100: AsyncronousReceiver.vhd : (126, 3): Actual parameter type in port map does not match the type of the formal port 'BIN'.
# Error: COMP96_0078: AsyncronousReceiver.vhd : (132, 8): Unknown identifier "N".
# Error: COMP96_0133: AsyncronousReceiver.vhd : (132, 8): Cannot find object declaration.
# Error: COMP96_0078: AsyncronousReceiver.vhd : (137, 10): Unknown identifier "DEC".
# Compile failure 4 Errors 0 Warnings  Analysis time :  0.2 [s]
acom -reorder -O3 -e 100 -work AsyncronousReceiver -2002  $dsn/src/AsyncronousReceiver.vhd $dsn/src/CountDown.vhd $dsn/src/LatchSR.vhd $dsn/src/Timer.vhd $dsn/src/Deserializer.vhd $dsn/src/FallingEd.vhd $dsn/src/Toggle.vhd
# Warning: DAGGEN_0523: The source is compiled without the -dbg switch. Line breakpoints and assertion debug will not be available.
# File: C:/My_Designs/SDLR2_std/AsyncronousReceiver/src/AsyncronousReceiver.vhd
# Compile Entity "AsyncronousReceiver"
# Compile Architecture "Structural" of Entity "AsyncronousReceiver"
# File: C:/My_Designs/SDLR2_std/AsyncronousReceiver/src/CountDown.vhd
# Compile Entity "CountDown"
# Compile Architecture "Behavioral" of Entity "CountDown"
# File: C:/My_Designs/SDLR2_std/AsyncronousReceiver/src/LatchSR.vhd
# Compile Entity "LatchSR"
# Compile Architecture "Behavioral" of Entity "LatchSR"
# File: C:/My_Designs/SDLR2_std/AsyncronousReceiver/src/Timer.vhd
# Compile Entity "Timer"
# Compile Architecture "Behavioral" of Entity "Timer"
# File: C:/My_Designs/SDLR2_std/AsyncronousReceiver/src/Deserializer.vhd
# Compile Entity "Deserializer"
# Compile Architecture "Behavioral" of Entity "Deserializer"
# File: C:/My_Designs/SDLR2_std/AsyncronousReceiver/src/FallingEd.vhd
# Compile Entity "FallingEd"
# Compile Architecture "Behavioral" of Entity "FallingEd"
# File: C:/My_Designs/SDLR2_std/AsyncronousReceiver/src/Toggle.vhd
# Compile Entity "Toggle"
# Compile Architecture "Behavioral" of Entity "Toggle"
# Incorrect order of units detected.
# Automatic reorder and incremental recompilation of required units in progress.
# Top-level unit(s) detected:
# Entity => AsyncronousReceiver
# File: C:/My_Designs/SDLR2_std/AsyncronousReceiver/src/AsyncronousReceiver.vhd
# Compile Architecture "Structural" of Entity "AsyncronousReceiver"
# Error: COMP96_0078: AsyncronousReceiver.vhd : (126, 10): Unknown identifier "RDX".
# Error: COMP96_0078: AsyncronousReceiver.vhd : (132, 8): Unknown identifier "N".
# Error: COMP96_0133: AsyncronousReceiver.vhd : (132, 8): Cannot find object declaration.
# Error: COMP96_0078: AsyncronousReceiver.vhd : (137, 10): Unknown identifier "DEC".
# Compile failure 4 Errors 0 Warnings  Analysis time :  0.3 [s]
acom -reorder -O3 -e 100 -work AsyncronousReceiver -2002  $dsn/src/AsyncronousReceiver.vhd $dsn/src/CountDown.vhd $dsn/src/LatchSR.vhd $dsn/src/Timer.vhd $dsn/src/Deserializer.vhd $dsn/src/FallingEd.vhd $dsn/src/Toggle.vhd
# Warning: DAGGEN_0523: The source is compiled without the -dbg switch. Line breakpoints and assertion debug will not be available.
# File: C:/My_Designs/SDLR2_std/AsyncronousReceiver/src/AsyncronousReceiver.vhd
# Compile Entity "AsyncronousReceiver"
# Compile Architecture "Structural" of Entity "AsyncronousReceiver"
# File: C:/My_Designs/SDLR2_std/AsyncronousReceiver/src/CountDown.vhd
# Compile Entity "CountDown"
# Compile Architecture "Behavioral" of Entity "CountDown"
# File: C:/My_Designs/SDLR2_std/AsyncronousReceiver/src/LatchSR.vhd
# Compile Entity "LatchSR"
# Compile Architecture "Behavioral" of Entity "LatchSR"
# File: C:/My_Designs/SDLR2_std/AsyncronousReceiver/src/Timer.vhd
# Compile Entity "Timer"
# Compile Architecture "Behavioral" of Entity "Timer"
# File: C:/My_Designs/SDLR2_std/AsyncronousReceiver/src/Deserializer.vhd
# Compile Entity "Deserializer"
# Compile Architecture "Behavioral" of Entity "Deserializer"
# File: C:/My_Designs/SDLR2_std/AsyncronousReceiver/src/FallingEd.vhd
# Compile Entity "FallingEd"
# Compile Architecture "Behavioral" of Entity "FallingEd"
# File: C:/My_Designs/SDLR2_std/AsyncronousReceiver/src/Toggle.vhd
# Compile Entity "Toggle"
# Compile Architecture "Behavioral" of Entity "Toggle"
# Incorrect order of units detected.
# Automatic reorder and incremental recompilation of required units in progress.
# Top-level unit(s) detected:
# Entity => AsyncronousReceiver
# File: C:/My_Designs/SDLR2_std/AsyncronousReceiver/src/AsyncronousReceiver.vhd
# Compile Architecture "Structural" of Entity "AsyncronousReceiver"
# Error: COMP96_0078: AsyncronousReceiver.vhd : (132, 8): Unknown identifier "N".
# Error: COMP96_0133: AsyncronousReceiver.vhd : (132, 8): Cannot find object declaration.
# Error: COMP96_0078: AsyncronousReceiver.vhd : (137, 10): Unknown identifier "DEC".
# Compile failure 3 Errors 0 Warnings  Analysis time :  0.3 [s]
acom -reorder -O3 -e 100 -work AsyncronousReceiver -2002  $dsn/src/AsyncronousReceiver.vhd $dsn/src/CountDown.vhd $dsn/src/LatchSR.vhd $dsn/src/Timer.vhd $dsn/src/Deserializer.vhd $dsn/src/FallingEd.vhd $dsn/src/Toggle.vhd
# Warning: DAGGEN_0523: The source is compiled without the -dbg switch. Line breakpoints and assertion debug will not be available.
# File: C:/My_Designs/SDLR2_std/AsyncronousReceiver/src/AsyncronousReceiver.vhd
# Compile Entity "AsyncronousReceiver"
# Compile Architecture "Structural" of Entity "AsyncronousReceiver"
# File: C:/My_Designs/SDLR2_std/AsyncronousReceiver/src/CountDown.vhd
# Compile Entity "CountDown"
# Compile Architecture "Behavioral" of Entity "CountDown"
# File: C:/My_Designs/SDLR2_std/AsyncronousReceiver/src/LatchSR.vhd
# Compile Entity "LatchSR"
# Compile Architecture "Behavioral" of Entity "LatchSR"
# File: C:/My_Designs/SDLR2_std/AsyncronousReceiver/src/Timer.vhd
# Compile Entity "Timer"
# Compile Architecture "Behavioral" of Entity "Timer"
# File: C:/My_Designs/SDLR2_std/AsyncronousReceiver/src/Deserializer.vhd
# Compile Entity "Deserializer"
# Compile Architecture "Behavioral" of Entity "Deserializer"
# File: C:/My_Designs/SDLR2_std/AsyncronousReceiver/src/FallingEd.vhd
# Compile Entity "FallingEd"
# Compile Architecture "Behavioral" of Entity "FallingEd"
# File: C:/My_Designs/SDLR2_std/AsyncronousReceiver/src/Toggle.vhd
# Compile Entity "Toggle"
# Compile Architecture "Behavioral" of Entity "Toggle"
# Incorrect order of units detected.
# Automatic reorder and incremental recompilation of required units in progress.
# Top-level unit(s) detected:
# Entity => AsyncronousReceiver
# File: C:/My_Designs/SDLR2_std/AsyncronousReceiver/src/AsyncronousReceiver.vhd
# Compile Architecture "Structural" of Entity "AsyncronousReceiver"
# Error: COMP96_0078: AsyncronousReceiver.vhd : (137, 10): Unknown identifier "DEC".
# Compile failure 1 Errors 0 Warnings  Analysis time :  0.2 [s]
acom -reorder -O3 -e 100 -work AsyncronousReceiver -2002  $dsn/src/AsyncronousReceiver.vhd $dsn/src/CountDown.vhd $dsn/src/LatchSR.vhd $dsn/src/Timer.vhd $dsn/src/Deserializer.vhd $dsn/src/FallingEd.vhd $dsn/src/Toggle.vhd
# Warning: DAGGEN_0523: The source is compiled without the -dbg switch. Line breakpoints and assertion debug will not be available.
# File: C:/My_Designs/SDLR2_std/AsyncronousReceiver/src/AsyncronousReceiver.vhd
# Compile Entity "AsyncronousReceiver"
# Compile Architecture "Structural" of Entity "AsyncronousReceiver"
# File: C:/My_Designs/SDLR2_std/AsyncronousReceiver/src/CountDown.vhd
# Compile Entity "CountDown"
# Compile Architecture "Behavioral" of Entity "CountDown"
# File: C:/My_Designs/SDLR2_std/AsyncronousReceiver/src/LatchSR.vhd
# Compile Entity "LatchSR"
# Compile Architecture "Behavioral" of Entity "LatchSR"
# File: C:/My_Designs/SDLR2_std/AsyncronousReceiver/src/Timer.vhd
# Compile Entity "Timer"
# Compile Architecture "Behavioral" of Entity "Timer"
# File: C:/My_Designs/SDLR2_std/AsyncronousReceiver/src/Deserializer.vhd
# Compile Entity "Deserializer"
# Compile Architecture "Behavioral" of Entity "Deserializer"
# File: C:/My_Designs/SDLR2_std/AsyncronousReceiver/src/FallingEd.vhd
# Compile Entity "FallingEd"
# Compile Architecture "Behavioral" of Entity "FallingEd"
# File: C:/My_Designs/SDLR2_std/AsyncronousReceiver/src/Toggle.vhd
# Compile Entity "Toggle"
# Compile Architecture "Behavioral" of Entity "Toggle"
# Incorrect order of units detected.
# Automatic reorder and incremental recompilation of required units in progress.
# Top-level unit(s) detected:
# Entity => AsyncronousReceiver
# File: C:/My_Designs/SDLR2_std/AsyncronousReceiver/src/AsyncronousReceiver.vhd
# Compile Architecture "Structural" of Entity "AsyncronousReceiver"
# Compile success 0 Errors 0 Warnings  Analysis time :  0.3 [s]
acom -reorder -O3 -e 100 -work AsyncronousReceiver -2002  $dsn/src/Deserializer.vhd $dsn/src/LatchSR.vhd $dsn/src/Timer.vhd $dsn/src/Toggle.vhd $dsn/src/FallingEd.vhd $dsn/src/CountDown.vhd $dsn/src/AsyncronousReceiver.vhd
# Warning: DAGGEN_0523: The source is compiled without the -dbg switch. Line breakpoints and assertion debug will not be available.
# File: C:/My_Designs/SDLR2_std/AsyncronousReceiver/src/Deserializer.vhd
# Compile Entity "Deserializer"
# Compile Architecture "Behavioral" of Entity "Deserializer"
# File: C:/My_Designs/SDLR2_std/AsyncronousReceiver/src/LatchSR.vhd
# Compile Entity "LatchSR"
# Compile Architecture "Behavioral" of Entity "LatchSR"
# File: C:/My_Designs/SDLR2_std/AsyncronousReceiver/src/Timer.vhd
# Compile Entity "Timer"
# Compile Architecture "Behavioral" of Entity "Timer"
# File: C:/My_Designs/SDLR2_std/AsyncronousReceiver/src/Toggle.vhd
# Compile Entity "Toggle"
# Compile Architecture "Behavioral" of Entity "Toggle"
# File: C:/My_Designs/SDLR2_std/AsyncronousReceiver/src/FallingEd.vhd
# Compile Entity "FallingEd"
# Compile Architecture "Behavioral" of Entity "FallingEd"
# File: C:/My_Designs/SDLR2_std/AsyncronousReceiver/src/CountDown.vhd
# Compile Entity "CountDown"
# Compile Architecture "Behavioral" of Entity "CountDown"
# File: C:/My_Designs/SDLR2_std/AsyncronousReceiver/src/AsyncronousReceiver.vhd
# Compile Entity "AsyncronousReceiver"
# Compile Architecture "Structural" of Entity "AsyncronousReceiver"
# Top-level unit(s) detected:
# Entity => AsyncronousReceiver
# Compile success 0 Errors 0 Warnings  Analysis time :  0.7 [s]
asim -O5 +access +r +m+AsyncronousReceiver AsyncronousReceiver Structural
# ELBREAD: Elaboration process.
# ELBREAD: Elaboration time 0.0 [s].
# VSIM: Stack memory: 32MB
# VSIM: Retval memory: 32MB
# KERNEL: Main thread initiated.
# KERNEL: Kernel process initialization phase.
# ELAB2: Elaboration final pass...
# ELAB2: Create instances ...
# KERNEL: Time resolution set to 1ps.
# ELAB2: Create instances complete.
# SLP: Started
# SLP: Elaboration phase ...
# SLP: Elaboration phase ... skipped, nothing to simulate in SLP mode : 0.0 [s]
# SLP: Finished : 0.0 [s]
# ELAB2: Elaboration final pass complete - time: 0.0 [s].
# KERNEL: Kernel process initialization done.
# Allocation: Simulator allocated 6475 kB (elbread=427 elab2=5908 kernel=139 sdf=0)
# KERNEL: ASDB file was created in location C:\My_Designs\SDLR2_std\AsyncronousReceiver\src\wave.asdb
#  08:29 p. m., jueves, 26 de marzo de 2026
#  Simulation has been initialized
# VSIM: 14 object(s) traced.
# Waveform file 'untitled.awc' connected to 'C:/My_Designs/SDLR2_std/AsyncronousReceiver/src/wave.asdb'.
run 100 ns
# KERNEL: stopped at time: 100 ns
run 100 ns
# KERNEL: stopped at time: 200 ns
run 100 ns
# KERNEL: stopped at time: 300 ns
run 100 ns
# KERNEL: stopped at time: 400 ns
run 100 ns
# KERNEL: stopped at time: 500 ns
run 100 ns
# KERNEL: stopped at time: 600 ns
endsim
# VSIM: Simulation has finished.
asim -O5 +access +r +m+AsyncronousReceiver AsyncronousReceiver Structural
# ELBREAD: Elaboration process.
# ELBREAD: Elaboration time 0.0 [s].
# VSIM: Stack memory: 32MB
# VSIM: Retval memory: 32MB
# KERNEL: Main thread initiated.
# KERNEL: Kernel process initialization phase.
# ELAB2: Elaboration final pass...
# ELAB2: Create instances ...
# KERNEL: Time resolution set to 1ps.
# ELAB2: Create instances complete.
# SLP: Started
# SLP: Elaboration phase ...
# SLP: Elaboration phase ... skipped, nothing to simulate in SLP mode : 0.0 [s]
# SLP: Finished : 0.0 [s]
# ELAB2: Elaboration final pass complete - time: 0.0 [s].
# KERNEL: Kernel process initialization done.
# Allocation: Simulator allocated 6475 kB (elbread=427 elab2=5908 kernel=139 sdf=0)
# KERNEL: ASDB file was created in location C:\My_Designs\SDLR2_std\AsyncronousReceiver\src\wave.asdb
# Stimuli: Warning: The stimuli set "StimuliSet1" has been made inactive.
#  08:33 p. m., jueves, 26 de marzo de 2026
#  Simulation has been initialized
# Waveform file 'untitled.awc' connected to 'C:/My_Designs/SDLR2_std/AsyncronousReceiver/src/wave.asdb'.
# VSIM: 14 object(s) traced.
# KERNEL: Warning: KERNEL_0291 Object "/AsyncronousReceiver/XRE" has already been traced.
# KERNEL: Warning: KERNEL_0291 Object "/AsyncronousReceiver/SOUT" has already been traced.
# KERNEL: Warning: KERNEL_0291 Object "/AsyncronousReceiver/EOT" has already been traced.
# KERNEL: Warning: KERNEL_0291 Object "/AsyncronousReceiver/TOG" has already been traced.
# KERNEL: Warning: KERNEL_0291 Object "/AsyncronousReceiver/TGS" has already been traced.
# KERNEL: Warning: KERNEL_0291 Object "/AsyncronousReceiver/EOC" has already been traced.
# KERNEL: Warning: KERNEL_0291 Object "/AsyncronousReceiver/ENA" has already been traced.
# KERNEL: Warning: KERNEL_0291 Object "/AsyncronousReceiver/SHF" has already been traced.
# KERNEL: Warning: KERNEL_0291 Object "/AsyncronousReceiver/SYN" has already been traced.
# KERNEL: Warning: KERNEL_0291 Object "/AsyncronousReceiver/CLK" has already been traced.
# KERNEL: Warning: KERNEL_0291 Object "/AsyncronousReceiver/RST" has already been traced.
# KERNEL: Warning: KERNEL_0291 Object "/AsyncronousReceiver/RXD" has already been traced.
# KERNEL: Warning: KERNEL_0291 Object "/AsyncronousReceiver/DOUT" has already been traced.
# KERNEL: Warning: KERNEL_0291 Object "/AsyncronousReceiver/RDY" has already been traced.
# VSIM: 0 object(s) traced.
endsim
# VSIM: Simulation has finished.
asim -O5 +access +r +m+AsyncronousReceiver AsyncronousReceiver Structural
# ELBREAD: Elaboration process.
# ELBREAD: Elaboration time 0.0 [s].
# VSIM: Stack memory: 32MB
# VSIM: Retval memory: 32MB
# KERNEL: Main thread initiated.
# KERNEL: Kernel process initialization phase.
# ELAB2: Elaboration final pass...
# ELAB2: Create instances ...
# KERNEL: Time resolution set to 1ps.
# ELAB2: Create instances complete.
# SLP: Started
# SLP: Elaboration phase ...
# SLP: Elaboration phase ... skipped, nothing to simulate in SLP mode : 0.0 [s]
# SLP: Finished : 0.0 [s]
# ELAB2: Elaboration final pass complete - time: 0.0 [s].
# KERNEL: Kernel process initialization done.
# Allocation: Simulator allocated 6475 kB (elbread=427 elab2=5908 kernel=139 sdf=0)
# KERNEL: ASDB file was created in location C:\My_Designs\SDLR2_std\AsyncronousReceiver\src\wave.asdb
#  08:33 p. m., jueves, 26 de marzo de 2026
#  Simulation has been initialized
# Waveform file 'untitled.awc' connected to 'C:/My_Designs/SDLR2_std/AsyncronousReceiver/src/wave.asdb'.
# VSIM: 14 object(s) traced.
# Stimuli: Info: The stimuli set "StimuliSet1" has been made active.
run 10  us
# KERNEL: stopped at time: 10 us
run 10  us
# KERNEL: stopped at time: 20 us
run 10  us
# KERNEL: stopped at time: 30 us
run 10  us
# KERNEL: stopped at time: 40 us
run 10  us
# KERNEL: stopped at time: 50 us
run 10  us
# KERNEL: stopped at time: 60 us
run 10  us
# KERNEL: stopped at time: 70 us
run 10  us
# KERNEL: stopped at time: 80 us
run 10  us
# KERNEL: stopped at time: 90 us
run 10  us
# KERNEL: stopped at time: 100 us
run 10  us
# KERNEL: stopped at time: 110 us
run 10  us
# KERNEL: stopped at time: 120 us
run 10  us
# KERNEL: stopped at time: 130 us
run 10  us
# KERNEL: stopped at time: 140 us
run 10  us
# KERNEL: stopped at time: 150 us
run 10  us
# KERNEL: stopped at time: 160 us
run 10  us
# KERNEL: stopped at time: 170 us
run 10  us
# KERNEL: stopped at time: 180 us
run 10  us
# KERNEL: stopped at time: 190 us
endsim
# VSIM: Simulation has finished.
asim -O5 +access +r +m+AsyncronousReceiver AsyncronousReceiver Structural
# ELBREAD: Elaboration process.
# ELBREAD: Elaboration time 0.0 [s].
# VSIM: Stack memory: 32MB
# VSIM: Retval memory: 32MB
# KERNEL: Main thread initiated.
# KERNEL: Kernel process initialization phase.
# ELAB2: Elaboration final pass...
# ELAB2: Create instances ...
# KERNEL: Time resolution set to 1ps.
# ELAB2: Create instances complete.
# SLP: Started
# SLP: Elaboration phase ...
# SLP: Elaboration phase ... skipped, nothing to simulate in SLP mode : 0.0 [s]
# SLP: Finished : 0.0 [s]
# ELAB2: Elaboration final pass complete - time: 0.0 [s].
# KERNEL: Kernel process initialization done.
# Allocation: Simulator allocated 6475 kB (elbread=427 elab2=5908 kernel=139 sdf=0)
# KERNEL: ASDB file was created in location C:\My_Designs\SDLR2_std\AsyncronousReceiver\src\wave.asdb
# Stimuli: Warning: The stimuli set "StimuliSet1" has been made inactive.
#  08:38 p. m., jueves, 26 de marzo de 2026
#  Simulation has been initialized
# Waveform file 'untitled.awc' connected to 'C:/My_Designs/SDLR2_std/AsyncronousReceiver/src/wave.asdb'.
# VSIM: 14 object(s) traced.
# Stimuli: Info: The stimuli set "StimuliSet1" has been made active.
run 10  us
# KERNEL: stopped at time: 10 us
run 10  us
# KERNEL: stopped at time: 20 us
run 10  us
# KERNEL: stopped at time: 30 us
run 10  us
# KERNEL: stopped at time: 40 us
run 10  us
# KERNEL: stopped at time: 50 us
run 10  us
# KERNEL: stopped at time: 60 us
run 10  us
# KERNEL: stopped at time: 70 us
run 10  us
# KERNEL: stopped at time: 80 us
run 10  us
# KERNEL: stopped at time: 90 us
endsim
# VSIM: Simulation has finished.
asim -O5 +access +r +m+AsyncronousReceiver AsyncronousReceiver Structural
# ELBREAD: Elaboration process.
# ELBREAD: Elaboration time 0.0 [s].
# VSIM: Stack memory: 32MB
# VSIM: Retval memory: 32MB
# KERNEL: Main thread initiated.
# KERNEL: Kernel process initialization phase.
# ELAB2: Elaboration final pass...
# ELAB2: Create instances ...
# KERNEL: Time resolution set to 1ps.
# ELAB2: Create instances complete.
# SLP: Started
# SLP: Elaboration phase ...
# SLP: Elaboration phase ... skipped, nothing to simulate in SLP mode : 0.0 [s]
# SLP: Finished : 0.0 [s]
# ELAB2: Elaboration final pass complete - time: 0.0 [s].
# KERNEL: Kernel process initialization done.
# Allocation: Simulator allocated 6475 kB (elbread=427 elab2=5908 kernel=139 sdf=0)
# KERNEL: ASDB file was created in location C:\My_Designs\SDLR2_std\AsyncronousReceiver\src\wave.asdb
# Stimuli: Warning: The stimuli set "StimuliSet1" has been made inactive.
#  08:41 p. m., jueves, 26 de marzo de 2026
#  Simulation has been initialized
# Waveform file 'untitled.awc' connected to 'C:/My_Designs/SDLR2_std/AsyncronousReceiver/src/wave.asdb'.
# VSIM: 14 object(s) traced.
# Stimuli: Info: The stimuli set "StimuliSet1" has been made active.
run 10  us
# KERNEL: stopped at time: 10 us
run 10  us
# KERNEL: stopped at time: 20 us
run 10  us
# KERNEL: stopped at time: 30 us
run 10  us
# KERNEL: stopped at time: 40 us
run 10  us
# KERNEL: stopped at time: 50 us
run 10  us
# KERNEL: stopped at time: 60 us
acom -reorder -O3 -e 100 -work AsyncronousReceiver -2002  $dsn/src/Deserializer.vhd $dsn/src/LatchSR.vhd $dsn/src/Timer.vhd $dsn/src/Toggle.vhd $dsn/src/FallingEd.vhd $dsn/src/CountDown.vhd $dsn/src/AsyncronousReceiver.vhd
# Warning: DAGGEN_0523: The source is compiled without the -dbg switch. Line breakpoints and assertion debug will not be available.
# File: C:/My_Designs/SDLR2_std/AsyncronousReceiver/src/Deserializer.vhd
# Compile Entity "Deserializer"
# Compile Architecture "Behavioral" of Entity "Deserializer"
# File: C:/My_Designs/SDLR2_std/AsyncronousReceiver/src/LatchSR.vhd
# Compile Entity "LatchSR"
# Compile Architecture "Behavioral" of Entity "LatchSR"
# File: C:/My_Designs/SDLR2_std/AsyncronousReceiver/src/Timer.vhd
# Compile Entity "Timer"
# Compile Architecture "Behavioral" of Entity "Timer"
# File: C:/My_Designs/SDLR2_std/AsyncronousReceiver/src/Toggle.vhd
# Compile Entity "Toggle"
# Compile Architecture "Behavioral" of Entity "Toggle"
# File: C:/My_Designs/SDLR2_std/AsyncronousReceiver/src/FallingEd.vhd
# Compile Entity "FallingEd"
# Compile Architecture "Behavioral" of Entity "FallingEd"
# File: C:/My_Designs/SDLR2_std/AsyncronousReceiver/src/CountDown.vhd
# Compile Entity "CountDown"
# Compile Architecture "Behavioral" of Entity "CountDown"
# File: C:/My_Designs/SDLR2_std/AsyncronousReceiver/src/AsyncronousReceiver.vhd
# Compile Entity "AsyncronousReceiver"
# Compile Architecture "Structural" of Entity "AsyncronousReceiver"
# Top-level unit(s) detected:
# Entity => AsyncronousReceiver
# Compile success 0 Errors 0 Warnings  Analysis time :  0.3 [s]
endsim
# VSIM: Simulation has finished.
asim -O5 +access +r +m+AsyncronousReceiver AsyncronousReceiver Structural
# ELBREAD: Elaboration process.
# ELBREAD: Elaboration time 0.0 [s].
# VSIM: Stack memory: 32MB
# VSIM: Retval memory: 32MB
# KERNEL: Main thread initiated.
# KERNEL: Kernel process initialization phase.
# ELAB2: Elaboration final pass...
# ELAB2: Create instances ...
# KERNEL: Time resolution set to 1ps.
# ELAB2: Create instances complete.
# SLP: Started
# SLP: Elaboration phase ...
# SLP: Elaboration phase ... skipped, nothing to simulate in SLP mode : 0.0 [s]
# SLP: Finished : 0.0 [s]
# ELAB2: Elaboration final pass complete - time: 0.0 [s].
# KERNEL: Kernel process initialization done.
# Allocation: Simulator allocated 6475 kB (elbread=427 elab2=5908 kernel=139 sdf=0)
# KERNEL: ASDB file was created in location C:\My_Designs\SDLR2_std\AsyncronousReceiver\src\wave.asdb
# Stimuli: Warning: The stimuli set "StimuliSet1" has been made inactive.
#  08:43 p. m., jueves, 26 de marzo de 2026
#  Simulation has been initialized
# Waveform file 'untitled.awc' connected to 'C:/My_Designs/SDLR2_std/AsyncronousReceiver/src/wave.asdb'.
# VSIM: 14 object(s) traced.
# Stimuli: Info: The stimuli set "StimuliSet1" has been made active.
run 10  us
# KERNEL: stopped at time: 10 us
run 10  us
# KERNEL: stopped at time: 20 us
run 10  us
# KERNEL: stopped at time: 30 us
run 10  us
# KERNEL: stopped at time: 40 us
run 10  us
# KERNEL: stopped at time: 50 us
run 10  us
# KERNEL: stopped at time: 60 us
run 10  us
# KERNEL: stopped at time: 70 us
run 10  us
# KERNEL: stopped at time: 80 us
run 10  us
# KERNEL: stopped at time: 90 us
endsim
# VSIM: Simulation has finished.
asim -O5 +access +r +m+AsyncronousReceiver AsyncronousReceiver Structural
# ELBREAD: Elaboration process.
# ELBREAD: Elaboration time 0.0 [s].
# VSIM: Stack memory: 32MB
# VSIM: Retval memory: 32MB
acom -O3 -e 100 -work AsyncronousReceiver -2002  $dsn/src/AsyncronousReceiver.vhd
# Warning: DAGGEN_0523: The source is compiled without the -dbg switch. Line breakpoints and assertion debug will not be available.
# File: C:/My_Designs/SDLR2_std/AsyncronousReceiver/src/AsyncronousReceiver.vhd
# Compile Entity "AsyncronousReceiver"
# Compile Architecture "Structural" of Entity "AsyncronousReceiver"
# Compile success 0 Errors 0 Warnings  Analysis time :  94.0 [ms]
# ELBREAD: Elaboration process.
# ELBREAD: Elaboration time 0.0 [s].
# KERNEL: Main thread initiated.
# KERNEL: Kernel process initialization phase.
# ELAB2: Elaboration final pass...
# ELAB2: Create instances ...
# KERNEL: Time resolution set to 1ps.
# ELAB2: Create instances complete.
# SLP: Started
# SLP: Elaboration phase ...
# SLP: Elaboration phase ... skipped, nothing to simulate in SLP mode : 0.0 [s]
# SLP: Finished : 0.0 [s]
# ELAB2: Elaboration final pass complete - time: 0.0 [s].
# KERNEL: Kernel process initialization done.
# Allocation: Simulator allocated 6475 kB (elbread=427 elab2=5908 kernel=139 sdf=0)
# KERNEL: ASDB file was created in location C:\My_Designs\SDLR2_std\AsyncronousReceiver\src\wave.asdb
# Stimuli: Warning: The stimuli set "StimuliSet1" has been made inactive.
#  08:44 p. m., jueves, 26 de marzo de 2026
#  Simulation has been initialized
# Waveform file 'untitled.awc' connected to 'C:/My_Designs/SDLR2_std/AsyncronousReceiver/src/wave.asdb'.
# VSIM: 11 object(s) traced.
# Stimuli: Info: The stimuli set "StimuliSet1" has been made active.
run 10  us
# KERNEL: stopped at time: 10 us
run 10  us
# KERNEL: stopped at time: 20 us
run 10  us
# KERNEL: stopped at time: 30 us
run 10  us
# KERNEL: stopped at time: 40 us
run 10  us
# KERNEL: stopped at time: 50 us
run 10  us
# KERNEL: stopped at time: 60 us
run 10  us
# KERNEL: stopped at time: 70 us
run 10  us
# KERNEL: stopped at time: 80 us
endsim
# VSIM: Simulation has finished.
asim -O5 +access +r +m+AsyncronousReceiver AsyncronousReceiver Structural
# ELBREAD: Elaboration process.
# ELBREAD: Elaboration time 0.0 [s].
# VSIM: Stack memory: 32MB
# VSIM: Retval memory: 32MB
acom -O3 -e 100 -work AsyncronousReceiver -2002  $dsn/src/Deserializer.vhd
# Warning: DAGGEN_0523: The source is compiled without the -dbg switch. Line breakpoints and assertion debug will not be available.
# File: C:/My_Designs/SDLR2_std/AsyncronousReceiver/src/Deserializer.vhd
# Compile Entity "Deserializer"
# Compile Architecture "Behavioral" of Entity "Deserializer"
# Compile success 0 Errors 0 Warnings  Analysis time :  94.0 [ms]
# ELBREAD: Elaboration process.
# ELBREAD: Elaboration time 0.0 [s].
# KERNEL: Main thread initiated.
# KERNEL: Kernel process initialization phase.
# ELAB2: Elaboration final pass...
# ELAB2: Create instances ...
# KERNEL: Time resolution set to 1ps.
# ELAB2: Create instances complete.
# SLP: Started
# SLP: Elaboration phase ...
# SLP: Elaboration phase ... skipped, nothing to simulate in SLP mode : 0.0 [s]
# SLP: Finished : 0.0 [s]
# ELAB2: Elaboration final pass complete - time: 0.0 [s].
# KERNEL: Kernel process initialization done.
# Allocation: Simulator allocated 6475 kB (elbread=427 elab2=5908 kernel=139 sdf=0)
# KERNEL: ASDB file was created in location C:\My_Designs\SDLR2_std\AsyncronousReceiver\src\wave.asdb
# Stimuli: Warning: The stimuli set "StimuliSet1" has been made inactive.
#  08:53 p. m., jueves, 26 de marzo de 2026
#  Simulation has been initialized
# Waveform file 'untitled.awc' connected to 'C:/My_Designs/SDLR2_std/AsyncronousReceiver/src/wave.asdb'.
# VSIM: 11 object(s) traced.
# Stimuli: Info: The stimuli set "StimuliSet1" has been made active.
run 10  us
# KERNEL: stopped at time: 10 us
run 10  us
# KERNEL: stopped at time: 20 us
run 10  us
# KERNEL: stopped at time: 30 us
run 10  us
# KERNEL: stopped at time: 40 us
run 10  us
# KERNEL: stopped at time: 50 us
run 10  us
# KERNEL: stopped at time: 60 us
run 10  us
# KERNEL: stopped at time: 70 us
run 10  us
# KERNEL: stopped at time: 80 us
run 10  us
# KERNEL: stopped at time: 90 us
endsim
# VSIM: Simulation has finished.
asim -O5 +access +r +m+AsyncronousReceiver AsyncronousReceiver Structural
# ELBREAD: Elaboration process.
# ELBREAD: Elaboration time 0.0 [s].
# VSIM: Stack memory: 32MB
# VSIM: Retval memory: 32MB
acom -O3 -e 100 -work AsyncronousReceiver -2002  $dsn/src/Deserializer.vhd
# Warning: DAGGEN_0523: The source is compiled without the -dbg switch. Line breakpoints and assertion debug will not be available.
# File: C:/My_Designs/SDLR2_std/AsyncronousReceiver/src/Deserializer.vhd
# Compile Entity "Deserializer"
# Compile Architecture "Behavioral" of Entity "Deserializer"
# Compile success 0 Errors 0 Warnings  Analysis time :  47.0 [ms]
# ELBREAD: Elaboration process.
# ELBREAD: Elaboration time 0.0 [s].
# KERNEL: Main thread initiated.
# KERNEL: Kernel process initialization phase.
# ELAB2: Elaboration final pass...
# ELAB2: Create instances ...
# KERNEL: Time resolution set to 1ps.
# ELAB2: Create instances complete.
# SLP: Started
# SLP: Elaboration phase ...
# SLP: Elaboration phase ... skipped, nothing to simulate in SLP mode : 0.0 [s]
# SLP: Finished : 0.0 [s]
# ELAB2: Elaboration final pass complete - time: 0.0 [s].
# KERNEL: Kernel process initialization done.
# Allocation: Simulator allocated 6475 kB (elbread=427 elab2=5908 kernel=139 sdf=0)
# KERNEL: ASDB file was created in location C:\My_Designs\SDLR2_std\AsyncronousReceiver\src\wave.asdb
# Stimuli: Warning: The stimuli set "StimuliSet1" has been made inactive.
#  08:56 p. m., jueves, 26 de marzo de 2026
#  Simulation has been initialized
# Waveform file 'untitled.awc' connected to 'C:/My_Designs/SDLR2_std/AsyncronousReceiver/src/wave.asdb'.
acom -reorder -O3 -e 100 -work AsyncronousReceiver -2002  $dsn/src/Deserializer.vhd $dsn/src/LatchSR.vhd $dsn/src/Timer.vhd $dsn/src/Toggle.vhd $dsn/src/FallingEd.vhd $dsn/src/CountDown.vhd $dsn/src/AsyncronousReceiver.vhd
# Warning: DAGGEN_0523: The source is compiled without the -dbg switch. Line breakpoints and assertion debug will not be available.
# File: C:/My_Designs/SDLR2_std/AsyncronousReceiver/src/Deserializer.vhd
# Compile Entity "Deserializer"
# Compile Architecture "Behavioral" of Entity "Deserializer"
# File: C:/My_Designs/SDLR2_std/AsyncronousReceiver/src/LatchSR.vhd
# Compile Entity "LatchSR"
# Compile Architecture "Behavioral" of Entity "LatchSR"
# File: C:/My_Designs/SDLR2_std/AsyncronousReceiver/src/Timer.vhd
# Compile Entity "Timer"
# Compile Architecture "Behavioral" of Entity "Timer"
# File: C:/My_Designs/SDLR2_std/AsyncronousReceiver/src/Toggle.vhd
# Compile Entity "Toggle"
# Compile Architecture "Behavioral" of Entity "Toggle"
# File: C:/My_Designs/SDLR2_std/AsyncronousReceiver/src/FallingEd.vhd
# Compile Entity "FallingEd"
# Compile Architecture "Behavioral" of Entity "FallingEd"
# File: C:/My_Designs/SDLR2_std/AsyncronousReceiver/src/CountDown.vhd
# Compile Entity "CountDown"
# Compile Architecture "Behavioral" of Entity "CountDown"
# File: C:/My_Designs/SDLR2_std/AsyncronousReceiver/src/AsyncronousReceiver.vhd
# Compile Entity "AsyncronousReceiver"
# Compile Architecture "Structural" of Entity "AsyncronousReceiver"
# Top-level unit(s) detected:
# Entity => AsyncronousReceiver
# Compile success 0 Errors 0 Warnings  Analysis time :  0.3 [s]
endsim
# VSIM: Simulation has finished.
asim -O5 +access +r +m+AsyncronousReceiver AsyncronousReceiver Structural
# ELBREAD: Elaboration process.
# ELBREAD: Elaboration time 0.0 [s].
# VSIM: Stack memory: 32MB
# VSIM: Retval memory: 32MB
# KERNEL: Main thread initiated.
# KERNEL: Kernel process initialization phase.
# ELAB2: Elaboration final pass...
# ELAB2: Create instances ...
# KERNEL: Time resolution set to 1ps.
# ELAB2: Create instances complete.
# SLP: Started
# SLP: Elaboration phase ...
# SLP: Elaboration phase ... skipped, nothing to simulate in SLP mode : 0.0 [s]
# SLP: Finished : 0.0 [s]
# ELAB2: Elaboration final pass complete - time: 0.0 [s].
# KERNEL: Kernel process initialization done.
# Allocation: Simulator allocated 6475 kB (elbread=427 elab2=5908 kernel=139 sdf=0)
# KERNEL: ASDB file was created in location C:\My_Designs\SDLR2_std\AsyncronousReceiver\src\wave.asdb
#  08:56 p. m., jueves, 26 de marzo de 2026
#  Simulation has been initialized
# Waveform file 'untitled.awc' connected to 'C:/My_Designs/SDLR2_std/AsyncronousReceiver/src/wave.asdb'.
# VSIM: 11 object(s) traced.
# Stimuli: Info: The stimuli set "StimuliSet1" has been made active.
run 10  us
# KERNEL: stopped at time: 10 us
run 10  us
# KERNEL: stopped at time: 20 us
run 10  us
# KERNEL: stopped at time: 30 us
run 10  us
# KERNEL: stopped at time: 40 us
run 10  us
# KERNEL: stopped at time: 50 us
run 10  us
# KERNEL: stopped at time: 60 us
run 10  us
# KERNEL: stopped at time: 70 us
run 10  us
# KERNEL: stopped at time: 80 us
acom -O3 -e 100 -work AsyncronousReceiver -2002  $dsn/src/Deserializer.vhd $dsn/src/LatchSR.vhd $dsn/src/Timer.vhd $dsn/src/Toggle.vhd $dsn/src/FallingEd.vhd $dsn/src/CountDown.vhd $dsn/src/AsyncronousReceiver.vhd
# Warning: DAGGEN_0523: The source is compiled without the -dbg switch. Line breakpoints and assertion debug will not be available.
# File: C:/My_Designs/SDLR2_std/AsyncronousReceiver/src/Deserializer.vhd
# Compile Entity "Deserializer"
# Compile Architecture "Behavioral" of Entity "Deserializer"
# File: C:/My_Designs/SDLR2_std/AsyncronousReceiver/src/LatchSR.vhd
# Compile Entity "LatchSR"
# Compile Architecture "Behavioral" of Entity "LatchSR"
# File: C:/My_Designs/SDLR2_std/AsyncronousReceiver/src/Timer.vhd
# Compile Entity "Timer"
# Compile Architecture "Behavioral" of Entity "Timer"
# File: C:/My_Designs/SDLR2_std/AsyncronousReceiver/src/Toggle.vhd
# Compile Entity "Toggle"
# Compile Architecture "Behavioral" of Entity "Toggle"
# File: C:/My_Designs/SDLR2_std/AsyncronousReceiver/src/FallingEd.vhd
# Compile Entity "FallingEd"
# Compile Architecture "Behavioral" of Entity "FallingEd"
# File: C:/My_Designs/SDLR2_std/AsyncronousReceiver/src/CountDown.vhd
# Compile Entity "CountDown"
# Compile Architecture "Behavioral" of Entity "CountDown"
# File: C:/My_Designs/SDLR2_std/AsyncronousReceiver/src/AsyncronousReceiver.vhd
# Compile Entity "AsyncronousReceiver"
# Compile Architecture "Structural" of Entity "AsyncronousReceiver"
# Compile success 0 Errors 0 Warnings  Analysis time :  0.3 [s]
endsim
# VSIM: Simulation has finished.
asim -O5 +access +r +m+AsyncronousReceiver AsyncronousReceiver Structural
# ELBREAD: Elaboration process.
# ELBREAD: Elaboration time 0.0 [s].
# VSIM: Stack memory: 32MB
# VSIM: Retval memory: 32MB
acom -O3 -e 100 -work AsyncronousReceiver -2002  $dsn/src/Deserializer.vhd
# Warning: DAGGEN_0523: The source is compiled without the -dbg switch. Line breakpoints and assertion debug will not be available.
# File: C:/My_Designs/SDLR2_std/AsyncronousReceiver/src/Deserializer.vhd
# Compile Entity "Deserializer"
# Compile Architecture "Behavioral" of Entity "Deserializer"
# Compile success 0 Errors 0 Warnings  Analysis time :  63.0 [ms]
# ELBREAD: Elaboration process.
# ELBREAD: Elaboration time 0.0 [s].
# KERNEL: Main thread initiated.
# KERNEL: Kernel process initialization phase.
# ELAB2: Elaboration final pass...
# ELAB2: Create instances ...
# KERNEL: Time resolution set to 1ps.
# ELAB2: Create instances complete.
# SLP: Started
# SLP: Elaboration phase ...
# SLP: Elaboration phase ... skipped, nothing to simulate in SLP mode : 0.0 [s]
# SLP: Finished : 0.0 [s]
# ELAB2: Elaboration final pass complete - time: 0.0 [s].
# KERNEL: Kernel process initialization done.
# Allocation: Simulator allocated 6475 kB (elbread=427 elab2=5908 kernel=139 sdf=0)
# KERNEL: ASDB file was created in location C:\My_Designs\SDLR2_std\AsyncronousReceiver\src\wave.asdb
# Stimuli: Warning: The stimuli set "StimuliSet1" has been made inactive.
#  09:12 p. m., jueves, 26 de marzo de 2026
#  Simulation has been initialized
# Waveform file 'untitled.awc' connected to 'C:/My_Designs/SDLR2_std/AsyncronousReceiver/src/wave.asdb'.
# VSIM: 11 object(s) traced.
# Waveform file 'untitled.awc' connected to 'C:/My_Designs/SDLR2_std/AsyncronousReceiver/src/wave.asdb'.
# Stimuli: Info: The stimuli set "StimuliSet1" has been made active.
run 10  us
# KERNEL: stopped at time: 10 us
run 10  us
# KERNEL: stopped at time: 20 us
run 10  us
# KERNEL: stopped at time: 30 us
run 10  us
# KERNEL: stopped at time: 40 us
run 10  us
# KERNEL: stopped at time: 50 us
run 10  us
# KERNEL: stopped at time: 60 us
run 10  us
# KERNEL: stopped at time: 70 us
run 10  us
# KERNEL: stopped at time: 80 us
run 10  us
# KERNEL: stopped at time: 90 us
run 10  us
# KERNEL: stopped at time: 100 us
run 10  us
# KERNEL: stopped at time: 110 us
run 10  us
# KERNEL: stopped at time: 120 us
