Active-HDL 13.0.375.8320 2026-04-22 18:16:44

Elaboration top modules:
Architecture                  Structural(PWMHL)


-----------------------------------------------------------------------------------------------
Entity       | Architecture | Library | Info | Compiler Version          | Compilation Options
-----------------------------------------------------------------------------------------------
PWMHL        | Structural   | pwmhl   |      | 13.0.375.8320 (Windows64) | -O3
PWMModule    | Structural   | pwmhl   |      | 13.0.375.8320 (Windows64) | -O3
DeathTimeGen | Behavioral   | pwmhl   |      | 13.0.375.8320 (Windows64) | -O3
Timer        | Behavioral   | pwmhl   |      | 13.0.375.8320 (Windows64) | -O3
FrCounter    | Behavioral   | pwmhl   |      | 13.0.375.8320 (Windows64) | -O3
-----------------------------------------------------------------------------------------------

-----------------------------------------------------------------------------------------------
VHDL Package                | Library | Info | Compiler Version          | Compilation Options
-----------------------------------------------------------------------------------------------
standard                    | std     |      |                           | <unavailable>
TEXTIO                      | std     |      | 13.0.375.8320 (Windows64) |  -2019
std_logic_1164              | ieee    |      | 13.0.375.8320 (Windows64) |  -2008
NUMERIC_STD                 | ieee    |      | 13.0.375.8320 (Windows64) |  -2008
-----------------------------------------------------------------------------------------------

-----------------------------------------------------------------------------------------------
Library                     | Comment
-----------------------------------------------------------------------------------------------
ieee                        | Standard IEEE packages library
pwmhl                       | None
std                         | Standard VHDL library
-----------------------------------------------------------------------------------------------


Simulation Options: asim -O5 +access +r +m+PWMHL PWMHL Structural

