Active-HDL 13.0.375.8320 2026-03-26 19:22:18

Elaboration top modules:
Architecture                  Structural(AsyncronousTransmitter)


------------------------------------------------------------------------------------------------------------------------
Entity                 | Architecture | Library                | Info | Compiler Version          | Compilation Options
------------------------------------------------------------------------------------------------------------------------
AsyncronousTransmitter | Structural   | asyncronoustransmitter |      | 13.0.375.8320 (Windows64) | -O3
RisingEd               | Behavioral   | asyncronoustransmitter |      | 13.0.375.8320 (Windows64) | -O3
LatchSR                | Behavioral   | asyncronoustransmitter |      | 13.0.375.8320 (Windows64) | -O3
Timer                  | Behavioral   | asyncronoustransmitter |      | 13.0.375.8320 (Windows64) | -O3
CountDown              | Behavioral   | asyncronoustransmitter |      | 13.0.375.8320 (Windows64) | -O3
Serializar             | Behavioral   | asyncronoustransmitter |      | 13.0.375.8320 (Windows64) | -O3
------------------------------------------------------------------------------------------------------------------------

------------------------------------------------------------------------------------------------------------------------
VHDL Package                          | Library                | Info | Compiler Version          | Compilation Options
------------------------------------------------------------------------------------------------------------------------
standard                              | std                    |      |                           | <unavailable>
TEXTIO                                | std                    |      | 13.0.375.8320 (Windows64) |  -2019
std_logic_1164                        | ieee                   |      | 13.0.375.8320 (Windows64) |  -2008
NUMERIC_STD                           | ieee                   |      | 13.0.375.8320 (Windows64) |  -2008
------------------------------------------------------------------------------------------------------------------------

------------------------------------------------------------------------------------------------------------------------
Library                               | Comment
------------------------------------------------------------------------------------------------------------------------
asyncronoustransmitter                | None
ieee                                  | Standard IEEE packages library
std                                   | Standard VHDL library
------------------------------------------------------------------------------------------------------------------------
