Active-HDL 13.0.375.8320 2026-03-01 13:16:24

Elaboration top modules:
Architecture                  Structural(PWMModule)


----------------------------------------------------------------------------------------------
Entity    | Architecture | Library   | Info | Compiler Version          | Compilation Options
----------------------------------------------------------------------------------------------
PWMModule | Structural   | pwmmodule |      | 13.0.375.8320 (Windows64) | -O3
Timer     | Behavioral   | pwmmodule |      | 13.0.375.8320 (Windows64) | -O3
FrCounter | Behavioral   | pwmmodule |      | 13.0.375.8320 (Windows64) | -O3
----------------------------------------------------------------------------------------------

----------------------------------------------------------------------------------------------
VHDL Package             | Library   | Info | Compiler Version          | Compilation Options
----------------------------------------------------------------------------------------------
standard                 | std       |      |                           | <unavailable>
TEXTIO                   | std       |      | 13.0.375.8320 (Windows64) |  -2019
std_logic_1164           | ieee      |      | 13.0.375.8320 (Windows64) |  -2008
NUMERIC_STD              | ieee      |      | 13.0.375.8320 (Windows64) |  -2008
----------------------------------------------------------------------------------------------

----------------------------------------------------------------------------------------------
Library                  | Comment
----------------------------------------------------------------------------------------------
ieee                     | Standard IEEE packages library
pwmmodule                | None
std                      | Standard VHDL library
----------------------------------------------------------------------------------------------
