Active-HDL 13.0.375.8320 2026-03-02 08:41:49

Elaboration top modules:
Architecture                  structural(PWMServo)


---------------------------------------------------------------------------------------------
Entity    | Architecture | Library  | Info | Compiler Version          | Compilation Options
---------------------------------------------------------------------------------------------
PWMServo  | structural   | pwmservo |      | 13.0.375.8320 (Windows64) | -O3
Timer     | Behavioral   | pwmservo |      | 13.0.375.8320 (Windows64) | -O3
CounterMN | Behavioral   | pwmservo |      | 13.0.375.8320 (Windows64) | -O3
---------------------------------------------------------------------------------------------

---------------------------------------------------------------------------------------------
VHDL Package             | Library  | Info | Compiler Version          | Compilation Options
---------------------------------------------------------------------------------------------
standard                 | std      |      |                           | <unavailable>
TEXTIO                   | std      |      | 13.0.375.8320 (Windows64) |  -2019
std_logic_1164           | ieee     |      | 13.0.375.8320 (Windows64) |  -2008
NUMERIC_STD              | ieee     |      | 13.0.375.8320 (Windows64) |  -2008
---------------------------------------------------------------------------------------------

---------------------------------------------------------------------------------------------
Library                  | Comment
---------------------------------------------------------------------------------------------
ieee                     | Standard IEEE packages library
pwmservo                 | None
std                      | Standard VHDL library
---------------------------------------------------------------------------------------------
