Active-HDL 13.0.375.8320 2026-02-13 10:45:17

Elaboration top modules:
Architecture                  Behavioral(SN74LS47)


--------------------------------------------------------------------------------------------
Entity   | Architecture | Library  | Info | Compiler Version          | Compilation Options
--------------------------------------------------------------------------------------------
SN74LS47 | Behavioral   | SN74LS47 |      | 13.0.375.8320 (Windows64) | -O3
--------------------------------------------------------------------------------------------

--------------------------------------------------------------------------------------------
VHDL Package            | Library  | Info | Compiler Version          | Compilation Options
--------------------------------------------------------------------------------------------
standard                | std      |      |                           | <unavailable>
TEXTIO                  | std      |      | 13.0.375.8320 (Windows64) |  -2019
std_logic_1164          | ieee     |      | 13.0.375.8320 (Windows64) |  -2008
--------------------------------------------------------------------------------------------

--------------------------------------------------------------------------------------------
Library                 | Comment
--------------------------------------------------------------------------------------------
ieee                    | Standard IEEE packages library
SN74LS47                | None
std                     | Standard VHDL library
--------------------------------------------------------------------------------------------
