# ELBREAD: Elaboration process.
# ELBREAD: Elaboration time 0.0 [s].
asim -O5 +access +r +m+DeathTimeGen DeathTimeGen Behavioral
# ELBREAD: Elaboration process.
# ELBREAD: Elaboration time 0.0 [s].
# VSIM: Stack memory: 32MB
# VSIM: Retval memory: 32MB
# KERNEL: Main thread initiated.
# KERNEL: Kernel process initialization phase.
# ELAB2: Elaboration final pass...
# ELAB2: Create instances ...
# KERNEL: Time resolution set to 1ps.
# ELAB2: Create instances complete.
# SLP: Started
# SLP: Elaboration phase ...
# SLP: Elaboration phase ... skipped, nothing to simulate in SLP mode : 0.0 [s]
# SLP: Finished : 0.0 [s]
# ELAB2: Elaboration final pass complete - time: 0.1 [s].
# KERNEL: Kernel process initialization done.
# Allocation: Simulator allocated 5566 kB (elbread=427 elab2=5000 kernel=139 sdf=0)
# KERNEL: ASDB file was created in location C:\My_Designs\SDLR2_std\DeathTimeGen\src\wave.asdb
#  08:57 a. m., lunes, 2 de marzo de 2026
#  Simulation has been initialized
# VSIM: 6 object(s) traced.
# Waveform file 'untitled.awc' connected to 'C:/My_Designs/SDLR2_std/DeathTimeGen/src/wave.asdb'.
run 100 ns
# KERNEL: stopped at time: 100 ns
run 100 ns
# KERNEL: stopped at time: 200 ns
endsim
# VSIM: Simulation has finished.
asim -O5 +access +r +m+DeathTimeGen DeathTimeGen Behavioral
# ELBREAD: Elaboration process.
# ELBREAD: Elaboration time 0.0 [s].
# VSIM: Stack memory: 32MB
# VSIM: Retval memory: 32MB
# KERNEL: Main thread initiated.
# KERNEL: Kernel process initialization phase.
# ELAB2: Elaboration final pass...
# ELAB2: Create instances ...
# KERNEL: Time resolution set to 1ps.
# ELAB2: Create instances complete.
# SLP: Started
# SLP: Elaboration phase ...
# SLP: Elaboration phase ... skipped, nothing to simulate in SLP mode : 0.0 [s]
# SLP: Finished : 0.0 [s]
# ELAB2: Elaboration final pass complete - time: 0.0 [s].
# KERNEL: Kernel process initialization done.
# Allocation: Simulator allocated 5566 kB (elbread=427 elab2=5000 kernel=139 sdf=0)
# KERNEL: ASDB file was created in location C:\My_Designs\SDLR2_std\DeathTimeGen\src\wave.asdb
# Stimuli: Warning: The stimuli set "StimuliSet1" has been made inactive.
#  09:01 a. m., lunes, 2 de marzo de 2026
#  Simulation has been initialized
# Waveform file 'untitled.awc' connected to 'C:/My_Designs/SDLR2_std/DeathTimeGen/src/wave.asdb'.
# VSIM: 6 object(s) traced.
# Stimuli: Info: The stimuli set "StimuliSet1" has been made active.
run 100 ns
# KERNEL: stopped at time: 100 ns
run 100 ns
# KERNEL: stopped at time: 200 ns
run 100 ns
# KERNEL: stopped at time: 300 ns
