# DESIGN: Default Design Language: VHDL
# DESIGN: Default BDE Language: VHDL
# DESIGN: C-Synthesis: Not Defined
# DESIGN: HDL Synthesis: Not Defined
# DESIGN: Physical Synthesis: Not Defined
# DESIGN: Implementation: Not Defined
acom -reorder -O3 -e 100 -work ReactionTT -2002  $dsn/src/ReactionTT.vhd $dsn/src/LatchSR.vhd $dsn/src/FrCounter.vhd $dsn/src/Timer.vhd
# Warning: DAGGEN_0523: The source is compiled without the -dbg switch. Line breakpoints and assertion debug will not be available.
# File: C:/My_Designs/SDLR2_std/ReactionTT/src/ReactionTT.vhd
# Compile Entity "ReactionTT"
# Compile Architecture "Structural" of Entity "ReactionTT"
# File: C:/My_Designs/SDLR2_std/ReactionTT/src/LatchSR.vhd
# Compile Entity "LatchSR"
# Compile Architecture "Behavioral" of Entity "LatchSR"
# File: C:/My_Designs/SDLR2_std/ReactionTT/src/FrCounter.vhd
# Compile Entity "FrCounter"
# Compile Architecture "Behavioral" of Entity "FrCounter"
# File: C:/My_Designs/SDLR2_std/ReactionTT/src/Timer.vhd
# Compile Entity "Timer"
# Compile Architecture "Behavioral" of Entity "Timer"
# Top-level unit(s) detected:
# Entity => LatchSR
# Entity => ReactionTT
# Entity => Timer
# Entity => FrCounter
# Compile success 0 Errors 0 Warnings  Analysis time :  0.7 [s]
# ELBREAD: Elaboration process.
# ELBREAD: Elaboration time 0.0 [s].
acom -O3 -e 100 -work ReactionTT -2002  $dsn/src/ReactionTT.vhd
# Warning: DAGGEN_0523: The source is compiled without the -dbg switch. Line breakpoints and assertion debug will not be available.
# File: C:/My_Designs/SDLR2_std/ReactionTT/src/ReactionTT.vhd
# Compile Entity "ReactionTT"
# Compile Architecture "Structural" of Entity "ReactionTT"
# Compile success 0 Errors 0 Warnings  Analysis time :  62.0 [ms]
acom -reorder -O3 -e 100 -work ReactionTT -2002  $dsn/src/ReactionTT.vhd $dsn/src/LatchSR.vhd $dsn/src/FrCounter.vhd $dsn/src/Timer.vhd
# Warning: DAGGEN_0523: The source is compiled without the -dbg switch. Line breakpoints and assertion debug will not be available.
# File: C:/My_Designs/SDLR2_std/ReactionTT/src/ReactionTT.vhd
# Compile Entity "ReactionTT"
# Compile Architecture "Structural" of Entity "ReactionTT"
# File: C:/My_Designs/SDLR2_std/ReactionTT/src/LatchSR.vhd
# Compile Entity "LatchSR"
# Compile Architecture "Behavioral" of Entity "LatchSR"
# File: C:/My_Designs/SDLR2_std/ReactionTT/src/FrCounter.vhd
# Compile Entity "FrCounter"
# Compile Architecture "Behavioral" of Entity "FrCounter"
# File: C:/My_Designs/SDLR2_std/ReactionTT/src/Timer.vhd
# Compile Entity "Timer"
# Compile Architecture "Behavioral" of Entity "Timer"
# Top-level unit(s) detected:
# Entity => LatchSR
# Entity => ReactionTT
# Entity => Timer
# Entity => FrCounter
# Compile success 0 Errors 0 Warnings  Analysis time :  0.3 [s]
acom -O3 -e 100 -work ReactionTT -2002  $dsn/src/ReactionTT.vhd
# Warning: DAGGEN_0523: The source is compiled without the -dbg switch. Line breakpoints and assertion debug will not be available.
# File: C:/My_Designs/SDLR2_std/ReactionTT/src/ReactionTT.vhd
# Compile Entity "ReactionTT"
# Compile Architecture "Structural" of Entity "ReactionTT"
# Error: COMP96_0078: ReactionTT.vhd : (62, 12): Unknown identifier "Ticks".
# Error: COMP96_0133: ReactionTT.vhd : (62, 12): Cannot find object declaration.
# Error: COMP96_0100: ReactionTT.vhd : (67, 3): Actual parameter type in port map does not match the type of the formal port 'EOT'.
# Error: COMP96_0078: ReactionTT.vhd : (73, 10): Unknown identifier "CLR".
# Error: COMP96_0078: ReactionTT.vhd : (74, 10): Unknown identifier "SET".
# Error: COMP96_0078: ReactionTT.vhd : (75, 11): Unknown identifier "SOUT".
# Error: COMP96_0078: ReactionTT.vhd : (79, 12): Unknown identifier "Ticks".
# Error: COMP96_0133: ReactionTT.vhd : (79, 12): Cannot find object declaration.
# Error: COMP96_0100: ReactionTT.vhd : (84, 3): Actual parameter type in port map does not match the type of the formal port 'EOT'.
# Error: COMP96_0078: ReactionTT.vhd : (93, 10): Unknown identifier "INC".
# Error: COMP96_0078: ReactionTT.vhd : (94, 10): Unknown identifier "CNT".
# Compile failure 11 Errors 0 Warnings  Analysis time :  15.0 [ms]
acom -O3 -e 100 -work ReactionTT -2002  $dsn/src/ReactionTT.vhd
# Warning: DAGGEN_0523: The source is compiled without the -dbg switch. Line breakpoints and assertion debug will not be available.
# File: C:/My_Designs/SDLR2_std/ReactionTT/src/ReactionTT.vhd
# Compile Entity "ReactionTT"
# Compile Architecture "Structural" of Entity "ReactionTT"
# Error: COMP96_0100: ReactionTT.vhd : (67, 3): Actual parameter type in port map does not match the type of the formal port 'EOT'.
# Error: COMP96_0078: ReactionTT.vhd : (73, 10): Unknown identifier "CLR".
# Error: COMP96_0078: ReactionTT.vhd : (74, 10): Unknown identifier "SET".
# Error: COMP96_0078: ReactionTT.vhd : (75, 11): Unknown identifier "SOUT".
# Error: COMP96_0100: ReactionTT.vhd : (84, 3): Actual parameter type in port map does not match the type of the formal port 'EOT'.
# Error: COMP96_0078: ReactionTT.vhd : (93, 10): Unknown identifier "INC".
# Error: COMP96_0078: ReactionTT.vhd : (94, 10): Unknown identifier "CNT".
# Compile failure 7 Errors 0 Warnings  Analysis time :  16.0 [ms]
# ULM: Warning: ULM_0021 Architecture "structural" of entity "ReactionTT.reactiontt" is not up-to-date. Please recompile file "C:\My_Designs\SDLR2_std\ReactionTT/src/ReactionTT.vhd".
acom -O3 -e 100 -work ReactionTT -2002  $dsn/src/ReactionTT.vhd
# Warning: DAGGEN_0523: The source is compiled without the -dbg switch. Line breakpoints and assertion debug will not be available.
# File: C:/My_Designs/SDLR2_std/ReactionTT/src/ReactionTT.vhd
# Compile Entity "ReactionTT"
# Compile Architecture "Structural" of Entity "ReactionTT"
# Error: COMP96_0015: ReactionTT.vhd : (57, 1): ':' expected.
# Error: COMP96_0015: ReactionTT.vhd : (60, 9): ';' expected.
# Error: COMP96_0019: ReactionTT.vhd : (98, 0): Keyword 'begin' expected.
# Compile failure 3 Errors 0 Warnings  Analysis time :  16.0 [ms]
# ULM: Warning: ULM_0021 Architecture "structural" of entity "ReactionTT.reactiontt" is not up-to-date. Please recompile file "C:\My_Designs\SDLR2_std\ReactionTT/src/ReactionTT.vhd".
acom -O3 -e 100 -work ReactionTT -2002  $dsn/src/ReactionTT.vhd
# Warning: DAGGEN_0523: The source is compiled without the -dbg switch. Line breakpoints and assertion debug will not be available.
# File: C:/My_Designs/SDLR2_std/ReactionTT/src/ReactionTT.vhd
# Compile Entity "ReactionTT"
# Compile Architecture "Structural" of Entity "ReactionTT"
# Error: COMP96_0100: ReactionTT.vhd : (67, 3): Actual parameter type in port map does not match the type of the formal port 'EOT'.
# Error: COMP96_0100: ReactionTT.vhd : (84, 3): Actual parameter type in port map does not match the type of the formal port 'EOT'.
# Error: COMP96_0078: ReactionTT.vhd : (93, 10): Unknown identifier "INC".
# Error: COMP96_0078: ReactionTT.vhd : (94, 10): Unknown identifier "CNT".
# Compile failure 4 Errors 0 Warnings  Analysis time :  16.0 [ms]
# ULM: Warning: ULM_0021 Architecture "structural" of entity "ReactionTT.reactiontt" is not up-to-date. Please recompile file "C:\My_Designs\SDLR2_std\ReactionTT/src/ReactionTT.vhd".
acom -O3 -e 100 -work ReactionTT -2002  $dsn/src/ReactionTT.vhd
# Warning: DAGGEN_0523: The source is compiled without the -dbg switch. Line breakpoints and assertion debug will not be available.
# File: C:/My_Designs/SDLR2_std/ReactionTT/src/ReactionTT.vhd
# Compile Entity "ReactionTT"
# Compile Architecture "Structural" of Entity "ReactionTT"
# Error: COMP96_0100: ReactionTT.vhd : (84, 3): Actual parameter type in port map does not match the type of the formal port 'EOT'.
# Error: COMP96_0078: ReactionTT.vhd : (93, 10): Unknown identifier "INC".
# Error: COMP96_0078: ReactionTT.vhd : (94, 10): Unknown identifier "CNT".
# Compile failure 3 Errors 0 Warnings  Analysis time :  0.0 [ms]
# ULM: Warning: ULM_0021 Architecture "structural" of entity "ReactionTT.reactiontt" is not up-to-date. Please recompile file "C:\My_Designs\SDLR2_std\ReactionTT/src/ReactionTT.vhd".
acom -O3 -e 100 -work ReactionTT -2002  $dsn/src/ReactionTT.vhd
# Warning: DAGGEN_0523: The source is compiled without the -dbg switch. Line breakpoints and assertion debug will not be available.
# File: C:/My_Designs/SDLR2_std/ReactionTT/src/ReactionTT.vhd
# Compile Entity "ReactionTT"
# Compile Architecture "Structural" of Entity "ReactionTT"
# Error: COMP96_0015: ReactionTT.vhd : (56, 30): ':' expected.
# Compile failure 1 Errors 0 Warnings  Analysis time :  15.0 [ms]
# ULM: Warning: ULM_0021 Architecture "structural" of entity "ReactionTT.reactiontt" is not up-to-date. Please recompile file "C:\My_Designs\SDLR2_std\ReactionTT/src/ReactionTT.vhd".
acom -O3 -e 100 -work ReactionTT -2002  $dsn/src/ReactionTT.vhd
# Warning: DAGGEN_0523: The source is compiled without the -dbg switch. Line breakpoints and assertion debug will not be available.
# File: C:/My_Designs/SDLR2_std/ReactionTT/src/ReactionTT.vhd
# Compile Entity "ReactionTT"
# Compile Architecture "Structural" of Entity "ReactionTT"
# Error: COMP96_0078: ReactionTT.vhd : (93, 10): Unknown identifier "INC".
# Error: COMP96_0078: ReactionTT.vhd : (94, 10): Unknown identifier "CNT".
# Compile failure 2 Errors 0 Warnings  Analysis time :  0.0 [ms]
# ULM: Warning: ULM_0021 Architecture "structural" of entity "ReactionTT.reactiontt" is not up-to-date. Please recompile file "C:\My_Designs\SDLR2_std\ReactionTT/src/ReactionTT.vhd".
acom -O3 -e 100 -work ReactionTT -2002  $dsn/src/ReactionTT.vhd
# Warning: DAGGEN_0523: The source is compiled without the -dbg switch. Line breakpoints and assertion debug will not be available.
# File: C:/My_Designs/SDLR2_std/ReactionTT/src/ReactionTT.vhd
# Compile Entity "ReactionTT"
# Compile Architecture "Structural" of Entity "ReactionTT"
# Error: COMP96_0015: ReactionTT.vhd : (58, 1): ':' expected.
# Error: COMP96_0015: ReactionTT.vhd : (61, 9): ';' expected.
# Error: COMP96_0019: ReactionTT.vhd : (99, 0): Keyword 'begin' expected.
# Compile failure 3 Errors 0 Warnings  Analysis time :  16.0 [ms]
# ULM: Warning: ULM_0021 Architecture "structural" of entity "ReactionTT.reactiontt" is not up-to-date. Please recompile file "C:\My_Designs\SDLR2_std\ReactionTT/src/ReactionTT.vhd".
acom -O3 -e 100 -work ReactionTT -2002  $dsn/src/ReactionTT.vhd
# Warning: DAGGEN_0523: The source is compiled without the -dbg switch. Line breakpoints and assertion debug will not be available.
# File: C:/My_Designs/SDLR2_std/ReactionTT/src/ReactionTT.vhd
# Compile Entity "ReactionTT"
# Compile Architecture "Structural" of Entity "ReactionTT"
# Error: COMP96_0724: ReactionTT.vhd : (95, 14): ',' or ')' expected.
# Error: COMP96_0015: ReactionTT.vhd : (96, 2): ';' expected.
# Compile failure 2 Errors 0 Warnings  Analysis time :  15.0 [ms]
# ULM: Warning: ULM_0021 Architecture "structural" of entity "ReactionTT.reactiontt" is not up-to-date. Please recompile file "C:\My_Designs\SDLR2_std\ReactionTT/src/ReactionTT.vhd".
acom -O3 -e 100 -work ReactionTT -2002  $dsn/src/ReactionTT.vhd
# Warning: DAGGEN_0523: The source is compiled without the -dbg switch. Line breakpoints and assertion debug will not be available.
# File: C:/My_Designs/SDLR2_std/ReactionTT/src/ReactionTT.vhd
# Compile Entity "ReactionTT"
# Compile Architecture "Structural" of Entity "ReactionTT"
# Compile success 0 Errors 0 Warnings  Analysis time :  94.0 [ms]
acom -O3 -e 100 -work ReactionTT -2002  $dsn/src/ReactionTT.vhd
# Warning: DAGGEN_0523: The source is compiled without the -dbg switch. Line breakpoints and assertion debug will not be available.
# File: C:/My_Designs/SDLR2_std/ReactionTT/src/ReactionTT.vhd
# Compile Entity "ReactionTT"
# Compile Architecture "Structural" of Entity "ReactionTT"
# Compile success 0 Errors 0 Warnings  Analysis time :  47.0 [ms]
