Active-HDL 13.0.375.8320 2026-02-16 15:34:32

Elaboration top modules:
Architecture                  Structural(BinaryToDecimal)


----------------------------------------------------------------------------------------------------------
Entity          | Architecture | Library         | Info | Compiler Version          | Compilation Options
----------------------------------------------------------------------------------------------------------
BinaryToDecimal | Structural   | BinaryToDecimal |      | 13.0.375.8320 (Windows64) | -O3
LatchSR         | Behavioral   | BinaryToDecimal |      | 13.0.375.8320 (Windows64) | -O3
FrCounter       | Behavioral   | BinaryToDecimal |      | 13.0.375.8320 (Windows64) | -O3
DecimalCounter  | structural   | BinaryToDecimal |      | 13.0.375.8320 (Windows64) | -O3
CounterM10      | Behavioral   | BinaryToDecimal |      | 13.0.375.8320 (Windows64) | -O3
----------------------------------------------------------------------------------------------------------

----------------------------------------------------------------------------------------------------------
VHDL Package                   | Library         | Info | Compiler Version          | Compilation Options
----------------------------------------------------------------------------------------------------------
standard                       | std             |      |                           | <unavailable>
TEXTIO                         | std             |      | 13.0.375.8320 (Windows64) |  -2019
std_logic_1164                 | ieee            |      | 13.0.375.8320 (Windows64) |  -2008
NUMERIC_STD                    | ieee            |      | 13.0.375.8320 (Windows64) |  -2008
----------------------------------------------------------------------------------------------------------

----------------------------------------------------------------------------------------------------------
Library                        | Comment
----------------------------------------------------------------------------------------------------------
BinaryToDecimal                | None
ieee                           | Standard IEEE packages library
std                            | Standard VHDL library
----------------------------------------------------------------------------------------------------------
