acom -O3 -e 100 -work LoadRegister -2002  $dsn/src/LoadRegister.vhd
# Warning: DAGGEN_0523: The source is compiled without the -dbg switch. Line breakpoints and assertion debug will not be available.
# File: C:/My_Designs/SDLR2_std/LoadRegister/src/LoadRegister.vhd
# Compile Entity "LoadRegister"
# Compile Architecture "Behavioral" of Entity "LoadRegister"
# Compile success 0 Errors 0 Warnings  Analysis time :  94.0 [ms]
asim -O5 +access +r +m+LoadRegister LoadRegister Behavioral
# ELBREAD: Elaboration process.
# ELBREAD: Elaboration time 0.0 [s].
# VSIM: Stack memory: 32MB
# VSIM: Retval memory: 32MB
# KERNEL: Main thread initiated.
# KERNEL: Kernel process initialization phase.
# ELAB2: Elaboration final pass...
# ELAB2: Create instances ...
# KERNEL: Time resolution set to 1ps.
# ELAB2: Create instances complete.
# SLP: Started
# SLP: Elaboration phase ...
# SLP: Elaboration phase ... skipped, nothing to simulate in SLP mode : 0.0 [s]
# SLP: Finished : 0.0 [s]
# ELAB2: Elaboration final pass complete - time: 0.0 [s].
# KERNEL: Kernel process initialization done.
# Allocation: Simulator allocated 5399 kB (elbread=427 elab2=4833 kernel=139 sdf=0)
# KERNEL: ASDB file was created in location C:\My_Designs\SDLR2_std\LoadRegister\src\wave.asdb
# Stimuli: Warning: The stimuli set "StimuliSet1" has been made inactive.
#  09:51 a. m., viernes, 20 de marzo de 2026
#  Simulation has been initialized
# VSIM: 7 object(s) traced.
# Waveform file 'untitled.awc' connected to 'C:/My_Designs/SDLR2_std/LoadRegister/src/wave.asdb'.
# Stimuli: Info: The stimuli set "StimuliSet1" has been made active.
run 500 ns
# KERNEL: stopped at time: 500 ns
run 500 ns
# KERNEL: stopped at time: 1 us
restart
# ELBREAD: Elaboration process.
# ELBREAD: Elaboration time 0.0 [s].
# KERNEL: Main thread initiated.
# KERNEL: Kernel process initialization phase.
# ELAB2: Elaboration final pass...
# ELAB2: Create instances ...
# KERNEL: Time resolution set to 1ps.
# ELAB2: Create instances complete.
# SLP: Started
# SLP: Elaboration phase ...
# SLP: Elaboration phase ... skipped, nothing to simulate in SLP mode : 0.0 [s]
# SLP: Finished : 0.0 [s]
# ELAB2: Elaboration final pass complete - time: 0.0 [s].
# KERNEL: Kernel process initialization done.
# Allocation: Simulator allocated 5399 kB (elbread=427 elab2=4833 kernel=139 sdf=0)
# KERNEL: ASDB file was created in location C:\My_Designs\SDLR2_std\LoadRegister\src\wave.asdb
# Stimuli: Warning: The stimuli set "StimuliSet1" has been made inactive.
#  09:53 a. m., viernes, 20 de marzo de 2026
#  Simulation has been initialized
# Waveform file 'untitled.awc' connected to 'C:/My_Designs/SDLR2_std/LoadRegister/src/wave.asdb'.
run 500 ns
# KERNEL: stopped at time: 500 ns
# KERNEL: Simulation has finished. There are no more test vectors to simulate.
endsim
# VSIM: Simulation has finished.
asim -O5 +access +r +m+LoadRegister LoadRegister Behavioral
# ELBREAD: Elaboration process.
# ELBREAD: Elaboration time 0.0 [s].
# VSIM: Stack memory: 32MB
# VSIM: Retval memory: 32MB
# KERNEL: Main thread initiated.
# KERNEL: Kernel process initialization phase.
# ELAB2: Elaboration final pass...
# ELAB2: Create instances ...
# KERNEL: Time resolution set to 1ps.
# ELAB2: Create instances complete.
# SLP: Started
# SLP: Elaboration phase ...
# SLP: Elaboration phase ... skipped, nothing to simulate in SLP mode : 0.0 [s]
# SLP: Finished : 0.0 [s]
# ELAB2: Elaboration final pass complete - time: 0.0 [s].
# KERNEL: Kernel process initialization done.
# Allocation: Simulator allocated 5399 kB (elbread=427 elab2=4833 kernel=139 sdf=0)
# KERNEL: ASDB file was created in location C:\My_Designs\SDLR2_std\LoadRegister\src\wave.asdb
#  09:53 a. m., viernes, 20 de marzo de 2026
#  Simulation has been initialized
# Waveform file 'untitled.awc' connected to 'C:/My_Designs/SDLR2_std/LoadRegister/src/wave.asdb'.
# VSIM: 7 object(s) traced.
# Stimuli: Info: The stimuli set "StimuliSet1" has been made active.
# KERNEL: Error: KERNEL_0066 Value 5 does not belong to type STD_LOGIC.
# VSIM: Error: Cannot force signal "/LoadRegister/DIN" with formula "0 0fs, 15 100ns".
run 500 ns
# KERNEL: stopped at time: 500 ns
restart
# ELBREAD: Elaboration process.
# ELBREAD: Elaboration time 0.0 [s].
# KERNEL: Main thread initiated.
# KERNEL: Kernel process initialization phase.
# ELAB2: Elaboration final pass...
# ELAB2: Create instances ...
# KERNEL: Time resolution set to 1ps.
# ELAB2: Create instances complete.
# SLP: Started
# SLP: Elaboration phase ...
# SLP: Elaboration phase ... skipped, nothing to simulate in SLP mode : 0.0 [s]
# SLP: Finished : 0.0 [s]
# ELAB2: Elaboration final pass complete - time: 0.0 [s].
# KERNEL: Kernel process initialization done.
# Allocation: Simulator allocated 5399 kB (elbread=427 elab2=4833 kernel=139 sdf=0)
# KERNEL: ASDB file was created in location C:\My_Designs\SDLR2_std\LoadRegister\src\wave.asdb
# Stimuli: Warning: The stimuli set "StimuliSet1" has been made inactive.
#  09:54 a. m., viernes, 20 de marzo de 2026
#  Simulation has been initialized
# Waveform file 'untitled.awc' connected to 'C:/My_Designs/SDLR2_std/LoadRegister/src/wave.asdb'.
# KERNEL: Error: KERNEL_0066 Value 5 does not belong to type STD_LOGIC.
# VSIM: Error: Cannot force signal "/LoadRegister/DIN" with formula "0 0fs, 15 100ns".
# Stimuli: Info: The stimuli set "StimuliSet1" has been made active.
endsim
# VSIM: Simulation has finished.
asim -O5 +access +r +m+LoadRegister LoadRegister Behavioral
# ELBREAD: Elaboration process.
# ELBREAD: Elaboration time 0.0 [s].
# VSIM: Stack memory: 32MB
# VSIM: Retval memory: 32MB
# KERNEL: Main thread initiated.
# KERNEL: Kernel process initialization phase.
# ELAB2: Elaboration final pass...
# ELAB2: Create instances ...
# KERNEL: Time resolution set to 1ps.
# ELAB2: Create instances complete.
# SLP: Started
# SLP: Elaboration phase ...
# SLP: Elaboration phase ... skipped, nothing to simulate in SLP mode : 0.0 [s]
# SLP: Finished : 0.0 [s]
# ELAB2: Elaboration final pass complete - time: 0.0 [s].
# KERNEL: Kernel process initialization done.
# Allocation: Simulator allocated 5399 kB (elbread=427 elab2=4833 kernel=139 sdf=0)
# KERNEL: ASDB file was created in location C:\My_Designs\SDLR2_std\LoadRegister\src\wave.asdb
# Stimuli: Warning: The stimuli set "StimuliSet1" has been made inactive.
#  09:55 a. m., viernes, 20 de marzo de 2026
#  Simulation has been initialized
# Waveform file 'untitled.awc' connected to 'C:/My_Designs/SDLR2_std/LoadRegister/src/wave.asdb'.
# VSIM: 7 object(s) traced.
# Stimuli: Info: The stimuli set "StimuliSet1" has been made active.
run 500 ns
# KERNEL: stopped at time: 500 ns
restart
# ELBREAD: Elaboration process.
# ELBREAD: Elaboration time 0.0 [s].
# KERNEL: Main thread initiated.
# KERNEL: Kernel process initialization phase.
# ELAB2: Elaboration final pass...
# ELAB2: Create instances ...
# KERNEL: Time resolution set to 1ps.
# ELAB2: Create instances complete.
# SLP: Started
# SLP: Elaboration phase ...
# SLP: Elaboration phase ... skipped, nothing to simulate in SLP mode : 0.0 [s]
# SLP: Finished : 0.0 [s]
# ELAB2: Elaboration final pass complete - time: 0.0 [s].
# KERNEL: Kernel process initialization done.
# Allocation: Simulator allocated 5399 kB (elbread=427 elab2=4833 kernel=139 sdf=0)
# KERNEL: ASDB file was created in location C:\My_Designs\SDLR2_std\LoadRegister\src\wave.asdb
# Stimuli: Warning: The stimuli set "StimuliSet1" has been made inactive.
#  09:56 a. m., viernes, 20 de marzo de 2026
#  Simulation has been initialized
# Waveform file 'untitled.awc' connected to 'C:/My_Designs/SDLR2_std/LoadRegister/src/wave.asdb'.
# Design: 09:59 a. m., viernes, 20 de marzo de 2026
# Design: Opening design "C:\My_Designs\SDLR2_std\Serializer\Serializer.adf"
# ELBREAD: Elaboration process.
# ELBREAD: Elaboration time 0.0 [s].
# Design: Design "Serializer" has been set as active.
