# DESIGN: Default Design Language: VHDL
# DESIGN: Default BDE Language: VHDL
# DESIGN: C-Synthesis: Not Defined
# DESIGN: HDL Synthesis: Not Defined
# DESIGN: Physical Synthesis: Not Defined
# DESIGN: Implementation: Not Defined
# Design: Design "DisplayDriver" has been set as active.
acom -reorder -O3 -e 100 -work DisplayDriver -2002  $dsn/src/DisplayDriver.vhd $dsn/src/Timer.vhd $dsn/src/FrCounter.vhd $dsn/src/AnodeDecoder.vhd $dsn/src/SN74LS47.vhd
# Warning: DAGGEN_0523: The source is compiled without the -dbg switch. Line breakpoints and assertion debug will not be available.
# File: C:/My_Designs/SDLR2_std/DisplayDriver/src/DisplayDriver.vhd
# Compile Entity "DisplayDriver"
# Compile Architecture "Structural" of Entity "DisplayDriver"
# File: C:/My_Designs/SDLR2_std/DisplayDriver/src/Timer.vhd
# Compile Entity "Timer"
# Compile Architecture "Behavioral" of Entity "Timer"
# File: C:/My_Designs/SDLR2_std/DisplayDriver/src/FrCounter.vhd
# Compile Entity "FrCounter"
# Compile Architecture "Behavioral" of Entity "FrCounter"
# File: C:/My_Designs/SDLR2_std/DisplayDriver/src/AnodeDecoder.vhd
# Compile Entity "AnodeDecoder"
# Compile Architecture "Behavioral" of Entity "AnodeDecoder"
# File: C:/My_Designs/SDLR2_std/DisplayDriver/src/SN74LS47.vhd
# Compile Entity "SN74LS47"
# Compile Architecture "Behavioral" of Entity "SN74LS47"
# Top-level unit(s) detected:
# Entity => FrCounter
# Entity => Timer
# Entity => SN74LS47
# Entity => AnodeDecoder
# Error: COMP96_0018: DisplayDriver.vhd : (19, 7): Identifier expected.
# Compile failure 1 Errors 0 Warnings  Analysis time :  0.7 [s]
acom -reorder -O3 -e 100 -work DisplayDriver -2002  $dsn/src/DisplayDriver.vhd $dsn/src/Timer.vhd $dsn/src/FrCounter.vhd $dsn/src/AnodeDecoder.vhd $dsn/src/SN74LS47.vhd
# Warning: DAGGEN_0523: The source is compiled without the -dbg switch. Line breakpoints and assertion debug will not be available.
# File: C:/My_Designs/SDLR2_std/DisplayDriver/src/DisplayDriver.vhd
# Compile Entity "DisplayDriver"
# Compile Architecture "Structural" of Entity "DisplayDriver"
# File: C:/My_Designs/SDLR2_std/DisplayDriver/src/Timer.vhd
# Compile Entity "Timer"
# Compile Architecture "Behavioral" of Entity "Timer"
# File: C:/My_Designs/SDLR2_std/DisplayDriver/src/FrCounter.vhd
# Compile Entity "FrCounter"
# Compile Architecture "Behavioral" of Entity "FrCounter"
# File: C:/My_Designs/SDLR2_std/DisplayDriver/src/AnodeDecoder.vhd
# Compile Entity "AnodeDecoder"
# Compile Architecture "Behavioral" of Entity "AnodeDecoder"
# File: C:/My_Designs/SDLR2_std/DisplayDriver/src/SN74LS47.vhd
# Compile Entity "SN74LS47"
# Compile Architecture "Behavioral" of Entity "SN74LS47"
# Top-level unit(s) detected:
# Entity => FrCounter
# Entity => Timer
# Entity => SN74LS47
# Entity => DisplayDriver
# Entity => AnodeDecoder
# Compile success 0 Errors 0 Warnings  Analysis time :  0.3 [s]
# ELBREAD: Elaboration process.
# ELBREAD: Elaboration time 0.0 [s].
acom -reorder -O3 -e 100 -work DisplayDriver -2002  $dsn/src/DisplayDriver.vhd $dsn/src/Timer.vhd $dsn/src/FrCounter.vhd $dsn/src/AnodeDecoder.vhd $dsn/src/SN74LS47.vhd
# Warning: DAGGEN_0523: The source is compiled without the -dbg switch. Line breakpoints and assertion debug will not be available.
# File: C:/My_Designs/SDLR2_std/DisplayDriver/src/DisplayDriver.vhd
# Compile Entity "DisplayDriver"
# Compile Architecture "Structural" of Entity "DisplayDriver"
# File: C:/My_Designs/SDLR2_std/DisplayDriver/src/Timer.vhd
# Compile Entity "Timer"
# Compile Architecture "Behavioral" of Entity "Timer"
# File: C:/My_Designs/SDLR2_std/DisplayDriver/src/FrCounter.vhd
# Compile Entity "FrCounter"
# Compile Architecture "Behavioral" of Entity "FrCounter"
# File: C:/My_Designs/SDLR2_std/DisplayDriver/src/AnodeDecoder.vhd
# Compile Entity "AnodeDecoder"
# Compile Architecture "Behavioral" of Entity "AnodeDecoder"
# File: C:/My_Designs/SDLR2_std/DisplayDriver/src/SN74LS47.vhd
# Compile Entity "SN74LS47"
# Compile Architecture "Behavioral" of Entity "SN74LS47"
# Top-level unit(s) detected:
# Entity => FrCounter
# Entity => Timer
# Entity => SN74LS47
# Entity => DisplayDriver
# Entity => AnodeDecoder
# Compile success 0 Errors 0 Warnings  Analysis time :  0.2 [s]
acom -reorder -O3 -e 100 -work DisplayDriver -2002  $dsn/src/DisplayDriver.vhd $dsn/src/Timer.vhd $dsn/src/FrCounter.vhd $dsn/src/AnodeDecoder.vhd $dsn/src/SN74LS47.vhd
# Warning: DAGGEN_0523: The source is compiled without the -dbg switch. Line breakpoints and assertion debug will not be available.
# File: C:/My_Designs/SDLR2_std/DisplayDriver/src/DisplayDriver.vhd
# Compile Entity "DisplayDriver"
# Compile Architecture "Structural" of Entity "DisplayDriver"
# File: C:/My_Designs/SDLR2_std/DisplayDriver/src/Timer.vhd
# Compile Entity "Timer"
# Compile Architecture "Behavioral" of Entity "Timer"
# File: C:/My_Designs/SDLR2_std/DisplayDriver/src/FrCounter.vhd
# Compile Entity "FrCounter"
# Compile Architecture "Behavioral" of Entity "FrCounter"
# File: C:/My_Designs/SDLR2_std/DisplayDriver/src/AnodeDecoder.vhd
# Compile Entity "AnodeDecoder"
# Compile Architecture "Behavioral" of Entity "AnodeDecoder"
# File: C:/My_Designs/SDLR2_std/DisplayDriver/src/SN74LS47.vhd
# Compile Entity "SN74LS47"
# Compile Architecture "Behavioral" of Entity "SN74LS47"
# Top-level unit(s) detected:
# Entity => FrCounter
# Entity => Timer
# Entity => SN74LS47
# Entity => DisplayDriver
# Entity => AnodeDecoder
# Error: COMP96_0016: DisplayDriver.vhd : (18, 2): Design unit declaration expected.
# Error: COMP96_0018: DisplayDriver.vhd : (28, 21): Identifier expected.
# Error: COMP96_0016: DisplayDriver.vhd : (28, 28): Design unit declaration expected.
# Error: COMP96_0018: DisplayDriver.vhd : (42, 25): Identifier expected.
# Error: COMP96_0016: DisplayDriver.vhd : (42, 32): Design unit declaration expected.
# Error: COMP96_0018: DisplayDriver.vhd : (53, 28): Identifier expected.
# Error: COMP96_0016: DisplayDriver.vhd : (53, 35): Design unit declaration expected.
# Error: COMP96_0018: DisplayDriver.vhd : (64, 24): Identifier expected.
# Error: COMP96_0016: DisplayDriver.vhd : (64, 31): Design unit declaration expected.
# Compile failure 9 Errors 0 Warnings  Analysis time :  0.3 [s]
acom -reorder -O3 -e 100 -work DisplayDriver -2002  $dsn/src/DisplayDriver.vhd $dsn/src/Timer.vhd $dsn/src/FrCounter.vhd $dsn/src/AnodeDecoder.vhd $dsn/src/SN74LS47.vhd
# Warning: DAGGEN_0523: The source is compiled without the -dbg switch. Line breakpoints and assertion debug will not be available.
# File: C:/My_Designs/SDLR2_std/DisplayDriver/src/DisplayDriver.vhd
# Compile Entity "DisplayDriver"
# Compile Architecture "Structural" of Entity "DisplayDriver"
# File: C:/My_Designs/SDLR2_std/DisplayDriver/src/Timer.vhd
# Compile Entity "Timer"
# Compile Architecture "Behavioral" of Entity "Timer"
# File: C:/My_Designs/SDLR2_std/DisplayDriver/src/FrCounter.vhd
# Compile Entity "FrCounter"
# Compile Architecture "Behavioral" of Entity "FrCounter"
# File: C:/My_Designs/SDLR2_std/DisplayDriver/src/AnodeDecoder.vhd
# Compile Entity "AnodeDecoder"
# Compile Architecture "Behavioral" of Entity "AnodeDecoder"
# File: C:/My_Designs/SDLR2_std/DisplayDriver/src/SN74LS47.vhd
# Compile Entity "SN74LS47"
# Compile Architecture "Behavioral" of Entity "SN74LS47"
# Incorrect order of units detected.
# Automatic reorder and incremental recompilation of required units in progress.
# Top-level unit(s) detected:
# Entity => DisplayDriver
# File: C:/My_Designs/SDLR2_std/DisplayDriver/src/DisplayDriver.vhd
# Compile Architecture "Structural" of Entity "DisplayDriver"
# Compile success 0 Errors 0 Warnings  Analysis time :  0.2 [s]
