Active-HDL 13.0.375.8320 2026-03-26 19:45:39

Elaboration top modules:
Architecture                  Structural(AsyncronousReceiver)


------------------------------------------------------------------------------------------------------------------
Entity              | Architecture | Library             | Info | Compiler Version          | Compilation Options
------------------------------------------------------------------------------------------------------------------
AsyncronousReceiver | Structural   | AsyncronousReceiver |      | 13.0.375.8320 (Windows64) | -O3
------------------------------------------------------------------------------------------------------------------

------------------------------------------------------------------------------------------------------------------
VHDL Package                       | Library             | Info | Compiler Version          | Compilation Options
------------------------------------------------------------------------------------------------------------------
standard                           | std                 |      |                           | <unavailable>
TEXTIO                             | std                 |      | 13.0.375.8320 (Windows64) |  -2019
std_logic_1164                     | ieee                |      | 13.0.375.8320 (Windows64) |  -2008
------------------------------------------------------------------------------------------------------------------

------------------------------------------------------------------------------------------------------------------
Library                            | Comment
------------------------------------------------------------------------------------------------------------------
AsyncronousReceiver                | None
ieee                               | Standard IEEE packages library
std                                | Standard VHDL library
------------------------------------------------------------------------------------------------------------------
