Active-HDL 13.0.375.8320 2026-02-13 10:51:50

Elaboration top modules:
Architecture                  Structural(DisplayDriver)


------------------------------------------------------------------------------------------------------
Entity        | Architecture | Library       | Info | Compiler Version          | Compilation Options
------------------------------------------------------------------------------------------------------
DisplayDriver | Structural   | DisplayDriver |      | 13.0.375.8320 (Windows64) | -O3
------------------------------------------------------------------------------------------------------

------------------------------------------------------------------------------------------------------
VHDL Package                 | Library       | Info | Compiler Version          | Compilation Options
------------------------------------------------------------------------------------------------------
standard                     | std           |      |                           | <unavailable>
TEXTIO                       | std           |      | 13.0.375.8320 (Windows64) |  -2019
std_logic_1164               | ieee          |      | 13.0.375.8320 (Windows64) |  -2008
------------------------------------------------------------------------------------------------------

------------------------------------------------------------------------------------------------------
Library                      | Comment
------------------------------------------------------------------------------------------------------
DisplayDriver                | None
ieee                         | Standard IEEE packages library
std                          | Standard VHDL library
------------------------------------------------------------------------------------------------------
