Active-HDL 13.0.375.8320 2026-02-16 15:41:05

Elaboration top modules:
Architecture                  Structural(DisplayDriverBTD)


------------------------------------------------------------------------------------------------------------
Entity           | Architecture | Library          | Info | Compiler Version          | Compilation Options
------------------------------------------------------------------------------------------------------------
DisplayDriverBTD | Structural   | DisplayDriverBTD |      | 13.0.375.8320 (Windows64) | -O3
DisplayDriver    | Structural   | DisplayDriverBTD |      | 13.0.375.8320 (Windows64) | -O3
BinaryToDecimal  | Structural   | DisplayDriverBTD |      | 13.0.375.8320 (Windows64) | -O3
Timer            | Behavioral   | DisplayDriverBTD |      | 13.0.375.8320 (Windows64) | -O3
FrCounter        | Behavioral   | DisplayDriverBTD |      | 13.0.375.8320 (Windows64) | -O3
AnodeDecoder     | Behavioral   | DisplayDriverBTD |      | 13.0.375.8320 (Windows64) | -O3
SN74LS47         | Behavioral   | DisplayDriverBTD |      | 13.0.375.8320 (Windows64) | -O3
LatchSR          | Behavioral   | DisplayDriverBTD |      | 13.0.375.8320 (Windows64) | -O3
DecimalCounter   | structural   | DisplayDriverBTD |      | 13.0.375.8320 (Windows64) | -O3
CounterM10       | Behavioral   | DisplayDriverBTD |      | 13.0.375.8320 (Windows64) | -O3
------------------------------------------------------------------------------------------------------------

------------------------------------------------------------------------------------------------------------
VHDL Package                    | Library          | Info | Compiler Version          | Compilation Options
------------------------------------------------------------------------------------------------------------
standard                        | std              |      |                           | <unavailable>
TEXTIO                          | std              |      | 13.0.375.8320 (Windows64) |  -2019
std_logic_1164                  | ieee             |      | 13.0.375.8320 (Windows64) |  -2008
NUMERIC_STD                     | ieee             |      | 13.0.375.8320 (Windows64) |  -2008
------------------------------------------------------------------------------------------------------------

------------------------------------------------------------------------------------------------------------
Library                         | Comment
------------------------------------------------------------------------------------------------------------
DisplayDriverBTD                | None
ieee                            | Standard IEEE packages library
std                             | Standard VHDL library
------------------------------------------------------------------------------------------------------------


Simulation Options: asim -O5 +access +r +m+DisplayDriverBTD DisplayDriverBTD Structural

