Active-HDL 13.0.375.8320 2026-02-16 09:09:20

Elaboration top modules:
Architecture                  Behavioral(AnodeDecoder)


----------------------------------------------------------------------------------------------------
Entity       | Architecture | Library      | Info | Compiler Version          | Compilation Options
----------------------------------------------------------------------------------------------------
AnodeDecoder | Behavioral   | anodedecoder |      | 13.0.375.8320 (Windows64) | -O3
----------------------------------------------------------------------------------------------------

----------------------------------------------------------------------------------------------------
VHDL Package                | Library      | Info | Compiler Version          | Compilation Options
----------------------------------------------------------------------------------------------------
standard                    | std          |      |                           | <unavailable>
TEXTIO                      | std          |      | 13.0.375.8320 (Windows64) |  -2019
std_logic_1164              | ieee         |      | 13.0.375.8320 (Windows64) |  -2008
----------------------------------------------------------------------------------------------------

----------------------------------------------------------------------------------------------------
Library                     | Comment
----------------------------------------------------------------------------------------------------
anodedecoder                | None
ieee                        | Standard IEEE packages library
std                         | Standard VHDL library
----------------------------------------------------------------------------------------------------
