Active-HDL 13.0.375.8320 2026-01-23 09:20:05

Elaboration top modules:
Architecture                  Behavioral(LatchSR)


-------------------------------------------------------------------------------------------
Entity   | Architecture | Library | Info | Compiler Version          | Compilation Options
-------------------------------------------------------------------------------------------
LatchSR  | Behavioral   | latchsr |      | 13.0.375.8320 (Windows64) | -O3
-------------------------------------------------------------------------------------------

-------------------------------------------------------------------------------------------
VHDL Package            | Library | Info | Compiler Version          | Compilation Options
-------------------------------------------------------------------------------------------
standard                | std     |      |                           | <unavailable>
TEXTIO                  | std     |      | 13.0.375.8320 (Windows64) |  -2019
std_logic_1164          | ieee    |      | 13.0.375.8320 (Windows64) |  -2008
-------------------------------------------------------------------------------------------

-------------------------------------------------------------------------------------------
Library                 | Comment
-------------------------------------------------------------------------------------------
ieee                    | Standard IEEE packages library
latchsr                 | None
std                     | Standard VHDL library
-------------------------------------------------------------------------------------------
