acom -reorder -O3 -e 100 -work PWMServo -2002  $dsn/src/Timer.vhd $dsn/src/CounterMN.vhd $dsn/src/PWMServo.vhd
# Warning: DAGGEN_0523: The source is compiled without the -dbg switch. Line breakpoints and assertion debug will not be available.
# File: C:/My_Designs/SDLR2_std/PWMServo/src/Timer.vhd
# Compile Entity "Timer"
# Compile Architecture "Behavioral" of Entity "Timer"
# File: C:/My_Designs/SDLR2_std/PWMServo/src/CounterMN.vhd
# Compile Entity "CounterMN"
# Compile Architecture "Behavioral" of Entity "CounterMN"
# File: C:/My_Designs/SDLR2_std/PWMServo/src/PWMServo.vhd
# Compile Entity "PWMServo"
# Compile Architecture "structural" of Entity "PWMServo"
# Top-level unit(s) detected:
# Entity => PWMServo
# Compile success 0 Errors 0 Warnings  Analysis time :  0.4 [s]
asim -O5 +access +r +m+PWMServo PWMServo structural
# ELBREAD: Elaboration process.
# ELBREAD: Elaboration time 0.0 [s].
# VSIM: Stack memory: 32MB
# VSIM: Retval memory: 32MB
# KERNEL: Main thread initiated.
# KERNEL: Kernel process initialization phase.
# ELAB2: Elaboration final pass...
# ELAB2: Create instances ...
# KERNEL: Time resolution set to 1ps.
# ELAB2: Create instances complete.
# SLP: Started
# SLP: Elaboration phase ...
# SLP: Elaboration phase ... skipped, nothing to simulate in SLP mode : 0.0 [s]
# SLP: Finished : 0.0 [s]
# ELAB2: Elaboration final pass complete - time: 0.1 [s].
# KERNEL: Kernel process initialization done.
# Allocation: Simulator allocated 6595 kB (elbread=427 elab2=6029 kernel=139 sdf=0)
# KERNEL: ASDB file was created in location C:\My_Designs\SDLR2_std\PWMServo\src\wave.asdb
# Stimuli: Warning: The stimuli set "StimuliSet1" has been made inactive.
#  08:51 p. m., lunes, 2 de marzo de 2026
#  Simulation has been initialized
# VSIM: 7 object(s) traced.
# Waveform file 'untitled.awc' connected to 'C:/My_Designs/SDLR2_std/PWMServo/src/wave.asdb'.
# Stimuli: Info: The stimuli set "StimuliSet1" has been made active.
run 100 ns
# KERNEL: WARNING: NUMERIC_STD."<": metavalue detected, returning FALSE
# KERNEL: Time: 0 ps,  Iteration: 0,  Instance: /PWMServo,  Process: line__75.
# KERNEL: WARNING: NUMERIC_STD."<": metavalue detected, returning FALSE
# KERNEL: Time: 0 ps,  Iteration: 1,  Instance: /PWMServo,  Process: line__75.
# KERNEL: stopped at time: 100 ns
run 100 ns
# KERNEL: stopped at time: 200 ns
run 100 ms
# KERNEL: stopped at time: 100000200 ns
run 100 ms
# KERNEL: stopped at time: 200000200 ns
run 100 ms
# KERNEL: stopped at time: 300000200 ns
run 100 ms
# KERNEL: stopped at time: 400000200 ns
# KERNEL: stopped at time: 1400000200 ns
endsim
# VSIM: Simulation has finished.
acom -reorder -O3 -e 100 -work PWMServo -2002  $dsn/src/Timer.vhd $dsn/src/CounterMN.vhd $dsn/src/PWMServo.vhd
# Warning: DAGGEN_0523: The source is compiled without the -dbg switch. Line breakpoints and assertion debug will not be available.
# File: C:/My_Designs/SDLR2_std/PWMServo/src/Timer.vhd
# Compile Entity "Timer"
# Compile Architecture "Behavioral" of Entity "Timer"
# File: C:/My_Designs/SDLR2_std/PWMServo/src/CounterMN.vhd
# Compile Entity "CounterMN"
# Compile Architecture "Behavioral" of Entity "CounterMN"
# File: C:/My_Designs/SDLR2_std/PWMServo/src/PWMServo.vhd
# Compile Entity "PWMServo"
# Compile Architecture "structural" of Entity "PWMServo"
# Top-level unit(s) detected:
# Entity => PWMServo
# Compile success 0 Errors 0 Warnings  Analysis time :  0.1 [s]
asim -O5 +access +r +m+PWMServo PWMServo structural
# ELBREAD: Elaboration process.
# ELBREAD: Elaboration time 0.0 [s].
# VSIM: Stack memory: 32MB
# VSIM: Retval memory: 32MB
# KERNEL: Main thread initiated.
# KERNEL: Kernel process initialization phase.
# ELAB2: Elaboration final pass...
# ELAB2: Create instances ...
# KERNEL: Time resolution set to 1ps.
# ELAB2: Create instances complete.
# SLP: Started
# SLP: Elaboration phase ...
# SLP: Elaboration phase ... skipped, nothing to simulate in SLP mode : 0.0 [s]
# SLP: Finished : 0.0 [s]
# ELAB2: Elaboration final pass complete - time: 0.0 [s].
# KERNEL: Kernel process initialization done.
# Allocation: Simulator allocated 6595 kB (elbread=427 elab2=6029 kernel=139 sdf=0)
# KERNEL: ASDB file was created in location C:\My_Designs\SDLR2_std\PWMServo\src\wave.asdb
# Stimuli: Warning: The stimuli set "StimuliSet1" has been made inactive.
#  08:55 p. m., lunes, 2 de marzo de 2026
#  Simulation has been initialized
# VSIM: 7 object(s) traced.
# Waveform file 'untitled.awc' connected to 'C:/My_Designs/SDLR2_std/PWMServo/src/wave.asdb'.
# Stimuli: Info: The stimuli set "StimuliSet1" has been made active.
run 100 ms
# KERNEL: WARNING: NUMERIC_STD."<": metavalue detected, returning FALSE
# KERNEL: Time: 0 ps,  Iteration: 0,  Instance: /PWMServo,  Process: line__75.
# KERNEL: WARNING: NUMERIC_STD."<": metavalue detected, returning FALSE
# KERNEL: Time: 0 ps,  Iteration: 1,  Instance: /PWMServo,  Process: line__75.
# KERNEL: stopped at time: 100 ms
run 100 ms
# KERNEL: stopped at time: 200 ms
acom -reorder -O3 -e 100 -work PWMServo -2002  $dsn/src/Timer.vhd $dsn/src/CounterMN.vhd $dsn/src/PWMServo.vhd
# Warning: DAGGEN_0523: The source is compiled without the -dbg switch. Line breakpoints and assertion debug will not be available.
# File: C:/My_Designs/SDLR2_std/PWMServo/src/Timer.vhd
# Compile Entity "Timer"
# Compile Architecture "Behavioral" of Entity "Timer"
# File: C:/My_Designs/SDLR2_std/PWMServo/src/CounterMN.vhd
# Compile Entity "CounterMN"
# Compile Architecture "Behavioral" of Entity "CounterMN"
# File: C:/My_Designs/SDLR2_std/PWMServo/src/PWMServo.vhd
# Compile Entity "PWMServo"
# Compile Architecture "structural" of Entity "PWMServo"
# Top-level unit(s) detected:
# Entity => PWMServo
# Compile success 0 Errors 0 Warnings  Analysis time :  0.2 [s]
