Active-HDL 13.0.375.8320 2026-02-09 08:25:20

Elaboration top modules:
Architecture                  Structural(ReactionTT)


------------------------------------------------------------------------------------------------
Entity     | Architecture | Library    | Info | Compiler Version          | Compilation Options
------------------------------------------------------------------------------------------------
ReactionTT | Structural   | ReactionTT |      | 13.0.375.8320 (Windows64) | -O3
------------------------------------------------------------------------------------------------

------------------------------------------------------------------------------------------------
VHDL Package              | Library    | Info | Compiler Version          | Compilation Options
------------------------------------------------------------------------------------------------
standard                  | std        |      |                           | <unavailable>
TEXTIO                    | std        |      | 13.0.375.8320 (Windows64) |  -2019
std_logic_1164            | ieee       |      | 13.0.375.8320 (Windows64) |  -2008
------------------------------------------------------------------------------------------------

------------------------------------------------------------------------------------------------
Library                   | Comment
------------------------------------------------------------------------------------------------
ieee                      | Standard IEEE packages library
ReactionTT                | None
std                       | Standard VHDL library
------------------------------------------------------------------------------------------------
