asim -O5 +access +r +m+CounterM10 CounterM10 Behavioral
# ELBREAD: Elaboration process.
# ELBREAD: Elaboration time 0.0 [s].
# VSIM: Stack memory: 32MB
# VSIM: Retval memory: 32MB
asim -O5 +access +r +m+CounterM10 CounterM10 Behavioral
# ELBREAD: Elaboration process.
# ELBREAD: Elaboration time 0.0 [s].
# VSIM: Stack memory: 32MB
# VSIM: Retval memory: 32MB
acom -O3 -e 100 -work CounterM10 -2002  $dsn/src/CounterM10.vhd
# Warning: DAGGEN_0523: The source is compiled without the -dbg switch. Line breakpoints and assertion debug will not be available.
# File: C:/My_Designs/SDLR2_std/CounterM10/src/CounterM10.vhd
# Compile Entity "CounterM10"
# Compile Architecture "Behavioral" of Entity "CounterM10"
# Error: COMP96_0018: CounterM10.vhd : (16, 16): Identifier expected.
# Compile failure 1 Errors 0 Warnings  Analysis time :  16.0 [ms]
# ELBREAD: Elaboration process.
# ELBREAD: Elaboration time 0.0 [s].
# KERNEL: Main thread initiated.
# KERNEL: Kernel process initialization phase.
# ELAB2: Elaboration final pass...
# ELAB2: Create instances ...
# KERNEL: Time resolution set to 1ps.
# ELAB2: Create instances complete.
# SLP: Started
# SLP: Elaboration phase ...
# SLP: Elaboration phase ... skipped, nothing to simulate in SLP mode : 0.0 [s]
# SLP: Finished : 0.0 [s]
# ELAB2: Elaboration final pass complete - time: 0.1 [s].
# KERNEL: Kernel process initialization done.
# Allocation: Simulator allocated 6461 kB (elbread=427 elab2=5895 kernel=139 sdf=0)
# KERNEL: ASDB file was created in location C:\My_Designs\SDLR2_std\CounterM10\src\wave.asdb
#  08:54 a. m., lunes, 16 de febrero de 2026
#  Simulation has been initialized
acom -reorder -O3 -e 100 -work CounterM10 -2002  $dsn/src/CounterM10.vhd
# Warning: DAGGEN_0523: The source is compiled without the -dbg switch. Line breakpoints and assertion debug will not be available.
# File: C:/My_Designs/SDLR2_std/CounterM10/src/CounterM10.vhd
# Compile Entity "CounterM10"
# Compile Architecture "Behavioral" of Entity "CounterM10"
# Error: COMP96_0018: CounterM10.vhd : (16, 16): Identifier expected.
# Compile failure 1 Errors 0 Warnings  Analysis time :  16.0 [ms]
acom -reorder -O3 -e 100 -work CounterM10 -2002  $dsn/src/CounterM10.vhd
# Warning: DAGGEN_0523: The source is compiled without the -dbg switch. Line breakpoints and assertion debug will not be available.
# File: C:/My_Designs/SDLR2_std/CounterM10/src/CounterM10.vhd
# Compile Entity "CounterM10"
# Compile Architecture "Behavioral" of Entity "CounterM10"
# Error: COMP96_0018: CounterM10.vhd : (16, 16): Identifier expected.
# Compile failure 1 Errors 0 Warnings  Analysis time :  16.0 [ms]
acom -reorder -O3 -e 100 -work CounterM10 -2002  $dsn/src/CounterM10.vhd
# Warning: DAGGEN_0523: The source is compiled without the -dbg switch. Line breakpoints and assertion debug will not be available.
# File: C:/My_Designs/SDLR2_std/CounterM10/src/CounterM10.vhd
# Compile Entity "CounterM10"
# Compile Architecture "Behavioral" of Entity "CounterM10"
# Top-level unit(s) detected:
# Entity => CounterM10
# Compile success 0 Errors 0 Warnings  Analysis time :  94.0 [ms]
endsim
# VSIM: Simulation has finished.
asim -O5 +access +r +m+CounterM10 CounterM10 Behavioral
# ELBREAD: Elaboration process.
# ELBREAD: Elaboration time 0.0 [s].
# VSIM: Stack memory: 32MB
# VSIM: Retval memory: 32MB
# KERNEL: Main thread initiated.
# KERNEL: Kernel process initialization phase.
# ELAB2: Elaboration final pass...
# ELAB2: Create instances ...
# KERNEL: Time resolution set to 1ps.
# ELAB2: Create instances complete.
# SLP: Started
# SLP: Elaboration phase ...
# SLP: Elaboration phase ... skipped, nothing to simulate in SLP mode : 0.0 [s]
# SLP: Finished : 0.0 [s]
# ELAB2: Elaboration final pass complete - time: 0.0 [s].
# KERNEL: Kernel process initialization done.
# Allocation: Simulator allocated 5437 kB (elbread=427 elab2=4871 kernel=139 sdf=0)
# KERNEL: ASDB file was created in location C:\My_Designs\SDLR2_std\CounterM10\src\wave.asdb
#  08:55 a. m., lunes, 16 de febrero de 2026
#  Simulation has been initialized
# VSIM: 7 object(s) traced.
# Waveform file 'untitled.awc' connected to 'C:/My_Designs/SDLR2_std/CounterM10/src/wave.asdb'.
run 100 ns
# KERNEL: stopped at time: 100 ns
run 100 ns
# KERNEL: stopped at time: 200 ns
run 100 ns
# KERNEL: stopped at time: 300 ns
run 100 ns
# KERNEL: stopped at time: 400 ns
run 100 ns
# KERNEL: stopped at time: 500 ns
run 100 ns
# KERNEL: stopped at time: 600 ns
# Design: Design "DecimalCounter" has been set as active.
