Active-HDL 13.0.375.8320 2026-02-13 10:24:30

Elaboration top modules:
Architecture                  Behavioral(FrCounter)


----------------------------------------------------------------------------------------------
Entity    | Architecture | Library   | Info | Compiler Version          | Compilation Options
----------------------------------------------------------------------------------------------
FrCounter | Behavioral   | frcounter |      | 13.0.375.8320 (Windows64) | -O3
----------------------------------------------------------------------------------------------

----------------------------------------------------------------------------------------------
VHDL Package             | Library   | Info | Compiler Version          | Compilation Options
----------------------------------------------------------------------------------------------
standard                 | std       |      |                           | <unavailable>
TEXTIO                   | std       |      | 13.0.375.8320 (Windows64) |  -2019
std_logic_1164           | ieee      |      | 13.0.375.8320 (Windows64) |  -2008
NUMERIC_STD              | ieee      |      | 13.0.375.8320 (Windows64) |  -2008
----------------------------------------------------------------------------------------------

----------------------------------------------------------------------------------------------
Library                  | Comment
----------------------------------------------------------------------------------------------
frcounter                | None
ieee                     | Standard IEEE packages library
std                      | Standard VHDL library
----------------------------------------------------------------------------------------------
