Active-HDL 13.0.375.8320 2026-03-20 09:59:56

Elaboration top modules:
Architecture                  Behavioral(LoadRegister)


----------------------------------------------------------------------------------------------------
Entity       | Architecture | Library      | Info | Compiler Version          | Compilation Options
----------------------------------------------------------------------------------------------------
LoadRegister | Behavioral   | LoadRegister |      | 13.0.375.8320 (Windows64) | -O3
----------------------------------------------------------------------------------------------------

----------------------------------------------------------------------------------------------------
VHDL Package                | Library      | Info | Compiler Version          | Compilation Options
----------------------------------------------------------------------------------------------------
standard                    | std          |      |                           | <unavailable>
TEXTIO                      | std          |      | 13.0.375.8320 (Windows64) |  -2019
std_logic_1164              | ieee         |      | 13.0.375.8320 (Windows64) |  -2008
----------------------------------------------------------------------------------------------------

----------------------------------------------------------------------------------------------------
Library                     | Comment
----------------------------------------------------------------------------------------------------
ieee                        | Standard IEEE packages library
LoadRegister                | None
std                         | Standard VHDL library
----------------------------------------------------------------------------------------------------
