# ELBREAD: Elaboration process.
# ELBREAD: Elaboration time 0.1 [s].
acom -reorder -O3 -e 100 -work AsyncronousTransmitter -2002  $dsn/src/RisingEd.vhd $dsn/src/Timer.vhd $dsn/src/Serializer.vhd $dsn/src/CountDown.vhd $dsn/src/LatchSR.vhd $dsn/src/AsyncronousTransmitter.vhd
# Warning: DAGGEN_0523: The source is compiled without the -dbg switch. Line breakpoints and assertion debug will not be available.
# File: C:/My_Designs/SDLR2_std/AsyncronousTransmitter/src/RisingEd.vhd
# Compile Entity "RisingEd"
# Compile Architecture "Behavioral" of Entity "RisingEd"
# File: C:/My_Designs/SDLR2_std/AsyncronousTransmitter/src/Timer.vhd
# Compile Entity "Timer"
# Compile Architecture "Behavioral" of Entity "Timer"
# File: C:/My_Designs/SDLR2_std/AsyncronousTransmitter/src/Serializer.vhd
# Compile Entity "Serializar"
# Compile Architecture "Behavioral" of Entity "Serializar"
# File: C:/My_Designs/SDLR2_std/AsyncronousTransmitter/src/CountDown.vhd
# Compile Entity "CountDown"
# Compile Architecture "Behavioral" of Entity "CountDown"
# File: C:/My_Designs/SDLR2_std/AsyncronousTransmitter/src/LatchSR.vhd
# Compile Entity "LatchSR"
# Compile Architecture "Behavioral" of Entity "LatchSR"
# File: C:/My_Designs/SDLR2_std/AsyncronousTransmitter/src/AsyncronousTransmitter.vhd
# Compile Entity "AsyncronousTransmitter"
# Compile Architecture "Structural" of Entity "AsyncronousTransmitter"
# Top-level unit(s) detected:
# Entity => AsyncronousTransmitter
# Compile success 0 Errors 0 Warnings  Analysis time :  0.7 [s]
asim -O5 +access +r +m+AsyncronousTransmitter AsyncronousTransmitter Structural
# ELBREAD: Elaboration process.
# ELBREAD: Elaboration time 0.0 [s].
# VSIM: Stack memory: 32MB
# VSIM: Retval memory: 32MB
# KERNEL: Main thread initiated.
# KERNEL: Kernel process initialization phase.
# ELAB2: Elaboration final pass...
# ELAB2: Create instances ...
# KERNEL: Time resolution set to 1ps.
# ELAB2: Create instances complete.
# SLP: Started
# SLP: Elaboration phase ...
# SLP: Elaboration phase ... skipped, nothing to simulate in SLP mode : 0.0 [s]
# SLP: Finished : 0.0 [s]
# ELAB2: Elaboration final pass complete - time: 0.1 [s].
# KERNEL: Kernel process initialization done.
# Allocation: Simulator allocated 6602 kB (elbread=427 elab2=6035 kernel=139 sdf=0)
# KERNEL: ASDB file was created in location C:\My_Designs\SDLR2_std\AsyncronousTransmitter\src\wave.asdb
# Stimuli: Warning: The stimuli set "StimuliSet1" has been made inactive.
#  05:05 p. m., jueves, 26 de marzo de 2026
#  Simulation has been initialized
# VSIM: 11 object(s) traced.
# Waveform file 'untitled.awc' connected to 'C:/My_Designs/SDLR2_std/AsyncronousTransmitter/src/wave.asdb'.
# Stimuli: Info: The stimuli set "StimuliSet1" has been made active.
run 100 ns
# KERNEL: stopped at time: 100 ns
run 100 us
# KERNEL: stopped at time: 100100 ns
run 100 us
# KERNEL: stopped at time: 200100 ns
run 100 us
acom -O3 -e 100 -work AsyncronousTransmitter -2002  $dsn/src/AsyncronousTransmitter.vhd
# Warning: DAGGEN_0523: The source is compiled without the -dbg switch. Line breakpoints and assertion debug will not be available.
# File: C:/My_Designs/SDLR2_std/AsyncronousTransmitter/src/AsyncronousTransmitter.vhd
# Compile Entity "AsyncronousTransmitter"
# Compile Architecture "Structural" of Entity "AsyncronousTransmitter"
# Compile success 0 Errors 0 Warnings  Analysis time :  0.1 [s]
# ELBREAD: Elaboration process.
# ELBREAD: Elaboration time 0.0 [s].
# KERNEL: Main thread initiated.
# KERNEL: Kernel process initialization phase.
# ELAB2: Elaboration final pass...
# ELAB2: Create instances ...
# KERNEL: Time resolution set to 1ps.
# ELAB2: Create instances complete.
# SLP: Started
# SLP: Elaboration phase ...
# SLP: Elaboration phase ... skipped, nothing to simulate in SLP mode : 0.0 [s]
# SLP: Finished : 0.0 [s]
# ELAB2: Elaboration final pass complete - time: 0.0 [s].
# KERNEL: Kernel process initialization done.
# Allocation: Simulator allocated 6602 kB (elbread=427 elab2=6035 kernel=139 sdf=0)
# KERNEL: ASDB file was created in location C:\My_Designs\SDLR2_std\AsyncronousTransmitter\src\wave.asdb
# Stimuli: Warning: The stimuli set "StimuliSet1" has been made inactive.
#  05:13 p. m., jueves, 26 de marzo de 2026
#  Simulation has been initialized
# Waveform file 'untitled.awc' connected to 'C:/My_Designs/SDLR2_std/AsyncronousTransmitter/src/wave.asdb'.
endsim
# VSIM: Simulation has finished.
