acom -reorder -O3 -e 100 -work SN74LS47 -2002  $dsn/src/SN74LS47.vhd
# Warning: DAGGEN_0523: The source is compiled without the -dbg switch. Line breakpoints and assertion debug will not be available.
# File: C:/My_Designs/SDLR2_std/SN74LS47/src/SN74LS47.vhd
# Compile Entity "SN74LS47"
# Compile Architecture "Behavioral" of Entity "SN74LS47"
# Incorrect order of units detected.
# Automatic reorder and incremental recompilation of required units in progress.
# Top-level unit(s) detected:
# Entity => SN74LS47
# File: C:/My_Designs/SDLR2_std/SN74LS47/src/SN74LS47.vhd
# Compile Architecture "Behavioral" of Entity "SN74LS47"
# Error: COMP96_0143: SN74LS47.vhd : (47, 2): Object "SEG" cannot be written.
# Compile failure 1 Errors 0 Warnings  Analysis time :  0.1 [s]
acom -reorder -O3 -e 100 -work SN74LS47 -2002  $dsn/src/SN74LS47.vhd
# Warning: DAGGEN_0523: The source is compiled without the -dbg switch. Line breakpoints and assertion debug will not be available.
# File: C:/My_Designs/SDLR2_std/SN74LS47/src/SN74LS47.vhd
# Compile Entity "SN74LS47"
# Compile Architecture "Behavioral" of Entity "SN74LS47"
# Top-level unit(s) detected:
# Entity => SN74LS47
# Compile success 0 Errors 0 Warnings  Analysis time :  0.1 [s]
# ELBREAD: Elaboration process.
# ELBREAD: Elaboration time 0.0 [s].
asim -O5 +access +r +m+SN74LS47 SN74LS47 Behavioral
# ELBREAD: Elaboration process.
# ELBREAD: Elaboration time 0.0 [s].
# VSIM: Stack memory: 32MB
# VSIM: Retval memory: 32MB
# KERNEL: Main thread initiated.
# KERNEL: Kernel process initialization phase.
# ELAB2: Elaboration final pass...
# ELAB2: Create instances ...
# KERNEL: Time resolution set to 1ps.
# ELAB2: Create instances complete.
# SLP: Started
# SLP: Elaboration phase ...
# SLP: Elaboration phase ... skipped, nothing to simulate in SLP mode : 0.0 [s]
# SLP: Finished : 0.0 [s]
# ELAB2: Elaboration final pass complete - time: 0.0 [s].
# KERNEL: Kernel process initialization done.
# Allocation: Simulator allocated 5399 kB (elbread=427 elab2=4833 kernel=139 sdf=0)
# KERNEL: ASDB file was created in location C:\My_Designs\SDLR2_std\SN74LS47\src\wave.asdb
#  10:41 a. m., viernes, 13 de febrero de 2026
#  Simulation has been initialized
# VSIM: 6 object(s) traced.
# Waveform file 'untitled.awc' connected to 'C:/My_Designs/SDLR2_std/SN74LS47/src/wave.asdb'.
run 100 ns
# KERNEL: stopped at time: 100 ns
run 100 ns
# KERNEL: stopped at time: 200 ns
run 100 ns
# KERNEL: stopped at time: 300 ns
run 1000 ns
# KERNEL: stopped at time: 1300 ns
# Design: 10:45 a. m., viernes, 13 de febrero de 2026
# Design: Opening design "C:\My_Designs\SDLR2_std\DisplayDriver\DisplayDriver.adf"
# ELBREAD: Elaboration process.
# ELBREAD: Elaboration time 0.0 [s].
# Design: Design "DisplayDriver" has been set as active.
